

Microchip MPLAB XC8 Assembler V2.36 build 20220127204148 
                                                                                               Thu Mar 02 11:11:56 2023

Microchip MPLAB XC8 C Compiler v2.36 (Free license) build 20220127204148 Og1 
     1                           	processor	16F887
     2                           	pagewidth 120
     3                           	opt	flic
     4                           	psect	idataBANK0,global,class=CODE,delta=2,noexec
     5                           	psect	cinit,global,class=CODE,merge=1,delta=2
     6                           	psect	bssBANK0,global,class=BANK0,space=1,delta=1,noexec
     7                           	psect	dataBANK0,global,class=BANK0,space=1,delta=1,noexec
     8                           	psect	cstackCOMMON,global,class=COMMON,space=1,delta=1,noexec
     9                           	psect	cstackBANK0,global,class=BANK0,space=1,delta=1,noexec
    10                           	psect	maintext,global,class=CODE,split=1,delta=2
    11                           	psect	text1,local,class=CODE,merge=1,delta=2
    12                           	psect	text2,local,class=CODE,merge=1,delta=2
    13                           	psect	text3,local,class=CODE,merge=1,delta=2
    14                           	psect	text4,local,class=CODE,merge=1,delta=2
    15                           	psect	text5,local,class=CODE,merge=1,delta=2,group=1
    16                           	psect	text6,local,class=CODE,merge=1,delta=2,group=1
    17                           	psect	text7,local,class=CODE,merge=1,delta=2
    18                           	psect	text8,local,class=CODE,merge=1,delta=2
    19                           	psect	idloc,global,abs,ovrld,class=IDLOC,space=5,delta=2,noexec
    20                           	psect	config,global,abs,ovrld,class=CONFIG,space=4,delta=2,noexec
    21                           	dabs	1,0x7E,2
    22  0000                     
    23                           ; Version 2.40
    24                           ; Generated 17/11/2021 GMT
    25                           ; 
    26                           ; Copyright © 2021, Microchip Technology Inc. and its subsidiaries ("Microchip")
    27                           ; All rights reserved.
    28                           ; 
    29                           ; This software is developed by Microchip Technology Inc. and its subsidiaries ("Microch
      +                          ip").
    30                           ; 
    31                           ; Redistribution and use in source and binary forms, with or without modification, are
    32                           ; permitted provided that the following conditions are met:
    33                           ; 
    34                           ;     1. Redistributions of source code must retain the above copyright notice, this lis
      +                          t of
    35                           ;        conditions and the following disclaimer.
    36                           ; 
    37                           ;     2. Redistributions in binary form must reproduce the above copyright notice, this 
      +                          list
    38                           ;        of conditions and the following disclaimer in the documentation and/or other
    39                           ;        materials provided with the distribution. Publication is not required when
    40                           ;        this file is used in an embedded application.
    41                           ; 
    42                           ;     3. Microchip's name may not be used to endorse or promote products derived from th
      +                          is
    43                           ;        software without specific prior written permission.
    44                           ; 
    45                           ; THIS SOFTWARE IS PROVIDED BY MICROCHIP "AS IS" AND ANY EXPRESS OR IMPLIED WARRANTIES,
    46                           ; INCLUDING, BUT NOT LIMITED TO, THE IMPLIED WARRANTIES OF MERCHANTABILITY AND FITNESS F
      +                          OR
    47                           ; PURPOSE ARE DISCLAIMED.  IN NO EVENT SHALL MICROCHIP BE LIABLE FOR ANY DIRECT, INDIREC
      +                          T,
    48                           ; INCIDENTAL, SPECIAL, EXEMPLARY, OR CONSEQUENTIAL DAMAGES (INCLUDING BUT NOT LIMITED TO
    49                           ; PROCUREMENT OF SUBSTITUTE GOODS OR SERVICES; LOSS OF USE, DATA OR PROFITS; OR BUSINESS
    50                           ; INTERRUPTION) HOWSOEVER CAUSED AND ON ANY THEORY OF LIABILITY, WHETHER IN CONTRACT, ST
      +                          RICT
    51                           ; LIABILITY, OR TORT (INCLUDING NEGLIGENCE OR OTHERWISE) ARISING IN ANY WAY OUT OF THE U
      +                          SE OF
    52                           ; THIS SOFTWARE, EVEN IF ADVISED OF THE POSSIBILITY OF SUCH DAMAGE.
    53                           ; 
    54                           ; 
    55                           ; Code-generator required, PIC16F887 Definitions
    56                           ; 
    57                           ; SFR Addresses
    58  0000                     	;# 
    59  0001                     	;# 
    60  0002                     	;# 
    61  0003                     	;# 
    62  0004                     	;# 
    63  0005                     	;# 
    64  0006                     	;# 
    65  0007                     	;# 
    66  0008                     	;# 
    67  0009                     	;# 
    68  000A                     	;# 
    69  000B                     	;# 
    70  000C                     	;# 
    71  000D                     	;# 
    72  000E                     	;# 
    73  000E                     	;# 
    74  000F                     	;# 
    75  0010                     	;# 
    76  0011                     	;# 
    77  0012                     	;# 
    78  0013                     	;# 
    79  0014                     	;# 
    80  0015                     	;# 
    81  0015                     	;# 
    82  0016                     	;# 
    83  0017                     	;# 
    84  0018                     	;# 
    85  0019                     	;# 
    86  001A                     	;# 
    87  001B                     	;# 
    88  001B                     	;# 
    89  001C                     	;# 
    90  001D                     	;# 
    91  001E                     	;# 
    92  001F                     	;# 
    93  0081                     	;# 
    94  0085                     	;# 
    95  0086                     	;# 
    96  0087                     	;# 
    97  0088                     	;# 
    98  0089                     	;# 
    99  008C                     	;# 
   100  008D                     	;# 
   101  008E                     	;# 
   102  008F                     	;# 
   103  0090                     	;# 
   104  0091                     	;# 
   105  0092                     	;# 
   106  0093                     	;# 
   107  0093                     	;# 
   108  0093                     	;# 
   109  0094                     	;# 
   110  0095                     	;# 
   111  0096                     	;# 
   112  0097                     	;# 
   113  0098                     	;# 
   114  0099                     	;# 
   115  009A                     	;# 
   116  009B                     	;# 
   117  009C                     	;# 
   118  009D                     	;# 
   119  009E                     	;# 
   120  009F                     	;# 
   121  0105                     	;# 
   122  0107                     	;# 
   123  0108                     	;# 
   124  0109                     	;# 
   125  010C                     	;# 
   126  010C                     	;# 
   127  010D                     	;# 
   128  010E                     	;# 
   129  010F                     	;# 
   130  0185                     	;# 
   131  0187                     	;# 
   132  0188                     	;# 
   133  0189                     	;# 
   134  018C                     	;# 
   135  018D                     	;# 
   136  0000                     	;# 
   137  0001                     	;# 
   138  0002                     	;# 
   139  0003                     	;# 
   140  0004                     	;# 
   141  0005                     	;# 
   142  0006                     	;# 
   143  0007                     	;# 
   144  0008                     	;# 
   145  0009                     	;# 
   146  000A                     	;# 
   147  000B                     	;# 
   148  000C                     	;# 
   149  000D                     	;# 
   150  000E                     	;# 
   151  000E                     	;# 
   152  000F                     	;# 
   153  0010                     	;# 
   154  0011                     	;# 
   155  0012                     	;# 
   156  0013                     	;# 
   157  0014                     	;# 
   158  0015                     	;# 
   159  0015                     	;# 
   160  0016                     	;# 
   161  0017                     	;# 
   162  0018                     	;# 
   163  0019                     	;# 
   164  001A                     	;# 
   165  001B                     	;# 
   166  001B                     	;# 
   167  001C                     	;# 
   168  001D                     	;# 
   169  001E                     	;# 
   170  001F                     	;# 
   171  0081                     	;# 
   172  0085                     	;# 
   173  0086                     	;# 
   174  0087                     	;# 
   175  0088                     	;# 
   176  0089                     	;# 
   177  008C                     	;# 
   178  008D                     	;# 
   179  008E                     	;# 
   180  008F                     	;# 
   181  0090                     	;# 
   182  0091                     	;# 
   183  0092                     	;# 
   184  0093                     	;# 
   185  0093                     	;# 
   186  0093                     	;# 
   187  0094                     	;# 
   188  0095                     	;# 
   189  0096                     	;# 
   190  0097                     	;# 
   191  0098                     	;# 
   192  0099                     	;# 
   193  009A                     	;# 
   194  009B                     	;# 
   195  009C                     	;# 
   196  009D                     	;# 
   197  009E                     	;# 
   198  009F                     	;# 
   199  0105                     	;# 
   200  0107                     	;# 
   201  0108                     	;# 
   202  0109                     	;# 
   203  010C                     	;# 
   204  010C                     	;# 
   205  010D                     	;# 
   206  010E                     	;# 
   207  010F                     	;# 
   208  0185                     	;# 
   209  0187                     	;# 
   210  0188                     	;# 
   211  0189                     	;# 
   212  018C                     	;# 
   213  018D                     	;# 
   214                           
   215                           	psect	idataBANK0
   216  05F0                     __pidataBANK0:
   217                           
   218                           ;initializer for _tData
   219  05F0  3464               	retlw	100
   220  000C                     _PIR1bits	set	12
   221  0005                     _PORTA	set	5
   222  0013                     _SSPBUF	set	19
   223  000C                     _PIR1	set	12
   224  000B                     _INTCON	set	11
   225  0014                     _SSPCON	set	20
   226  0063                     _SSPIF	set	99
   227  0028                     _RA0	set	40
   228  0085                     _TRISA	set	133
   229  008C                     _PIE1	set	140
   230  0087                     _TRISC	set	135
   231  008C                     _PIE1bits	set	140
   232  0094                     _SSPSTAT	set	148
   233  0093                     _SSPADD	set	147
   234  0091                     _SSPCON2	set	145
   235  008F                     _OSCCON	set	143
   236  008F                     _OSCCONbits	set	143
   237  0488                     _SEN	set	1160
   238  043C                     _TRISC4	set	1084
   239  043B                     _TRISC3	set	1083
   240                           
   241                           	psect	cinit
   242  07F5                     start_initialization:	
   243                           ; #config settings
   244                           
   245  07F5                     __initialization:
   246                           
   247                           ; Initialize objects allocated to BANK0
   248  07F5  120A  118A  25F0  120A  118A  	fcall	__pidataBANK0	;fetch initializer
   249  07FA  00B9               	movwf	__pdataBANK0& (0+127)
   250                           
   251                           ; Clear objects allocated to BANK0
   252  07FB  01B8               	clrf	__pbssBANK0& (0+127)
   253  07FC                     end_of_initialization:	
   254                           ;End of C runtime variable initialization code
   255                           
   256  07FC                     __end_of__initialization:
   257  07FC  0183               	clrf	3
   258  07FD  120A  118A  2E6F   	ljmp	_main	;jump to C main() function
   259                           
   260                           	psect	bssBANK0
   261  0038                     __pbssBANK0:
   262  0038                     _rData:
   263  0038                     	ds	1
   264                           
   265                           	psect	dataBANK0
   266  0039                     __pdataBANK0:
   267  0039                     _tData:
   268  0039                     	ds	1
   269                           
   270                           	psect	cstackCOMMON
   271  0070                     __pcstackCOMMON:
   272  0070                     ?_OSC_set:
   273  0070                     ?_I2CPIC_Wait:	
   274                           ; 1 bytes @ 0x0
   275                           
   276  0070                     ??_I2CPIC_Wait:	
   277                           ; 1 bytes @ 0x0
   278                           
   279  0070                     ?_I2CPIC_Start:	
   280                           ; 1 bytes @ 0x0
   281                           
   282  0070                     ??_I2CPIC_Start:	
   283                           ; 1 bytes @ 0x0
   284                           
   285  0070                     ?_I2CPIC_Stop:	
   286                           ; 1 bytes @ 0x0
   287                           
   288  0070                     ??_I2CPIC_Stop:	
   289                           ; 1 bytes @ 0x0
   290                           
   291  0070                     ?_I2CPIC_MasterWrite:	
   292                           ; 1 bytes @ 0x0
   293                           
   294  0070                     ??_I2CPIC_MasterWrite:	
   295                           ; 1 bytes @ 0x0
   296                           
   297  0070                     ?_main:	
   298                           ; 1 bytes @ 0x0
   299                           
   300  0070                     ?___lmul:	
   301                           ; 1 bytes @ 0x0
   302                           
   303  0070                     OSC_set@InternalOsc:	
   304                           ; 4 bytes @ 0x0
   305                           
   306  0070                     I2CPIC_Mset@IntEnable:	
   307                           ; 1 bytes @ 0x0
   308                           
   309  0070                     ___lmul@multiplier:	
   310                           ; 1 bytes @ 0x0
   311                           
   312                           
   313                           ; 4 bytes @ 0x0
   314  0070                     	ds	1
   315  0071                     ??_OSC_set:
   316  0071                     I2CPIC_MasterWrite@Data:	
   317                           ; 1 bytes @ 0x1
   318                           
   319                           
   320                           ; 1 bytes @ 0x1
   321  0071                     	ds	1
   322  0072                     OSC_set@FreqClockSelect:
   323                           
   324                           ; 1 bytes @ 0x2
   325  0072                     	ds	2
   326  0074                     ___lmul@multiplicand:
   327                           
   328                           ; 4 bytes @ 0x4
   329  0074                     	ds	4
   330  0078                     ??___lmul:
   331                           
   332                           ; 1 bytes @ 0x8
   333  0078                     	ds	1
   334  0079                     ___lmul@product:
   335                           
   336                           ; 4 bytes @ 0x9
   337  0079                     	ds	4
   338  007D                     ??___lldiv:
   339                           
   340                           ; 1 bytes @ 0xD
   341  007D                     	ds	1
   342                           
   343                           	psect	cstackBANK0
   344  0020                     __pcstackBANK0:
   345  0020                     ?___lldiv:
   346  0020                     ___lldiv@divisor:	
   347                           ; 4 bytes @ 0x0
   348                           
   349                           
   350                           ; 4 bytes @ 0x0
   351  0020                     	ds	4
   352  0024                     ___lldiv@dividend:
   353                           
   354                           ; 4 bytes @ 0x4
   355  0024                     	ds	4
   356  0028                     ___lldiv@quotient:
   357                           
   358                           ; 4 bytes @ 0x8
   359  0028                     	ds	4
   360  002C                     ___lldiv@counter:
   361                           
   362                           ; 1 bytes @ 0xC
   363  002C                     	ds	1
   364  002D                     ?_I2CPIC_Mset:
   365  002D                     I2CPIC_Mset@Clock:	
   366                           ; 1 bytes @ 0xD
   367                           
   368                           
   369                           ; 4 bytes @ 0xD
   370  002D                     	ds	4
   371  0031                     ??_I2CPIC_Mset:
   372                           
   373                           ; 1 bytes @ 0x11
   374  0031                     	ds	4
   375  0035                     ??_main:
   376                           
   377                           ; 1 bytes @ 0x15
   378  0035                     	ds	3
   379                           
   380                           	psect	maintext
   381  066F                     __pmaintext:	
   382 ;;
   383 ;;Main: autosize = 0, tempsize = 3, incstack = 0, save=0
   384 ;;
   385 ;; *************** function _main *****************
   386 ;; Defined at:
   387 ;;		line 44 in file "main.c"
   388 ;; Parameters:    Size  Location     Type
   389 ;;		None
   390 ;; Auto vars:     Size  Location     Type
   391 ;;		None
   392 ;; Return value:  Size  Location     Type
   393 ;;                  1    wreg      void 
   394 ;; Registers used:
   395 ;;		wreg, status,2, status,0, pclath, cstack
   396 ;; Tracked objects:
   397 ;;		On entry : B00/0
   398 ;;		On exit  : 0/0
   399 ;;		Unchanged: 0/0
   400 ;; Data sizes:     COMMON   BANK0   BANK1   BANK3   BANK2
   401 ;;      Params:         0       0       0       0       0
   402 ;;      Locals:         0       0       0       0       0
   403 ;;      Temps:          0       3       0       0       0
   404 ;;      Totals:         0       3       0       0       0
   405 ;;Total ram usage:        3 bytes
   406 ;; Hardware stack levels required when called: 2
   407 ;; This function calls:
   408 ;;		_I2CPIC_MasterWrite
   409 ;;		_I2CPIC_Mset
   410 ;;		_I2CPIC_Start
   411 ;;		_I2CPIC_Stop
   412 ;;		_OSC_set
   413 ;; This function is called by:
   414 ;;		Startup code after reset
   415 ;; This function uses a non-reentrant model
   416 ;;
   417                           
   418  066F                     _main:	
   419                           ;psect for function _main
   420                           
   421  066F                     l1024:	
   422                           ;incstack = 0
   423                           ; Regs used in _main: [wreg+status,2+status,0+pclath+cstack]
   424                           
   425                           
   426                           ;main.c: 45:     TRISA = 0x00;
   427  066F  1683               	bsf	3,5	;RP0=1, select bank1
   428  0670  1303               	bcf	3,6	;RP1=0, select bank1
   429  0671  0185               	clrf	5	;volatile
   430  0672                     l1026:
   431                           
   432                           ;main.c: 46:     OSC_set(7,0);
   433  0672  01F0               	clrf	OSC_set@InternalOsc
   434  0673  3007               	movlw	7
   435  0674  120A  118A  277D  120A  118A  	fcall	_OSC_set
   436  0679                     l1028:
   437                           
   438                           ;main.c: 47:     _delay((unsigned long)((100)*(8000000/4000.0)));
   439  0679  3002               	movlw	2
   440  067A  1283               	bcf	3,5	;RP0=0, select bank0
   441  067B  1303               	bcf	3,6	;RP1=0, select bank0
   442  067C  00B7               	movwf	??_main+2
   443  067D  3004               	movlw	4
   444  067E  00B6               	movwf	??_main+1
   445  067F  30B9               	movlw	185
   446  0680  00B5               	movwf	??_main
   447  0681                     u627:
   448  0681  0BB5               	decfsz	??_main,f
   449  0682  2E81               	goto	u627
   450  0683  0BB6               	decfsz	??_main+1,f
   451  0684  2E81               	goto	u627
   452  0685  0BB7               	decfsz	??_main+2,f
   453  0686  2E81               	goto	u627
   454  0687  2E88               	nop2
   455  0688                     l1030:
   456                           
   457                           ;main.c: 48:     I2CPIC_Mset(0,100);
   458  0688  3000               	movlw	0
   459  0689  1283               	bcf	3,5	;RP0=0, select bank0
   460  068A  1303               	bcf	3,6	;RP1=0, select bank0
   461  068B  00B0               	movwf	I2CPIC_Mset@Clock+3
   462  068C  3000               	movlw	0
   463  068D  00AF               	movwf	I2CPIC_Mset@Clock+2
   464  068E  3000               	movlw	0
   465  068F  00AE               	movwf	I2CPIC_Mset@Clock+1
   466  0690  3064               	movlw	100
   467  0691  00AD               	movwf	I2CPIC_Mset@Clock
   468  0692  3000               	movlw	0
   469  0693  120A  118A  26C1  120A  118A  	fcall	_I2CPIC_Mset
   470  0698                     l1032:
   471                           
   472                           ;main.c: 50:     {;main.c: 51:         I2CPIC_Start();
   473  0698  120A  118A  25FA  120A  118A  	fcall	_I2CPIC_Start
   474  069D                     l1034:
   475                           
   476                           ;main.c: 52:         I2CPIC_MasterWrite(0x32<<1|0);
   477  069D  3064               	movlw	100
   478  069E  120A  118A  2613  120A  118A  	fcall	_I2CPIC_MasterWrite
   479  06A3                     l1036:
   480                           
   481                           ;main.c: 53:         I2CPIC_MasterWrite(tData);
   482  06A3  3064               	movlw	100
   483  06A4  120A  118A  2613  120A  118A  	fcall	_I2CPIC_MasterWrite
   484  06A9                     l1038:
   485                           
   486                           ;main.c: 54:         I2CPIC_Stop();
   487  06A9  120A  118A  25F1  120A  118A  	fcall	_I2CPIC_Stop
   488  06AE                     l1040:
   489                           
   490                           ;main.c: 55:         _delay((unsigned long)((200)*(8000000/4000.0)));
   491  06AE  3003               	movlw	3
   492  06AF  1283               	bcf	3,5	;RP0=0, select bank0
   493  06B0  1303               	bcf	3,6	;RP1=0, select bank0
   494  06B1  00B7               	movwf	??_main+2
   495  06B2  3008               	movlw	8
   496  06B3  00B6               	movwf	??_main+1
   497  06B4  3076               	movlw	118
   498  06B5  00B5               	movwf	??_main
   499  06B6                     u637:
   500  06B6  0BB5               	decfsz	??_main,f
   501  06B7  2EB6               	goto	u637
   502  06B8  0BB6               	decfsz	??_main+1,f
   503  06B9  2EB6               	goto	u637
   504  06BA  0BB7               	decfsz	??_main+2,f
   505  06BB  2EB6               	goto	u637
   506  06BC  0000               	nop
   507  06BD  2E98               	goto	l1032
   508  06BE  120A  118A  2800   	ljmp	start
   509  06C1                     __end_of_main:
   510                           
   511                           	psect	text1
   512  077D                     __ptext1:	
   513 ;; *************** function _OSC_set *****************
   514 ;; Defined at:
   515 ;;		line 24 in file "./PICOSC.h"
   516 ;; Parameters:    Size  Location     Type
   517 ;;  FreqClockSel    1    wreg     unsigned char 
   518 ;;  InternalOsc     1    0[COMMON] unsigned char 
   519 ;; Auto vars:     Size  Location     Type
   520 ;;  FreqClockSel    1    2[COMMON] unsigned char 
   521 ;; Return value:  Size  Location     Type
   522 ;;                  1    wreg      void 
   523 ;; Registers used:
   524 ;;		wreg, status,2, status,0
   525 ;; Tracked objects:
   526 ;;		On entry : 0/0
   527 ;;		On exit  : 0/0
   528 ;;		Unchanged: 0/0
   529 ;; Data sizes:     COMMON   BANK0   BANK1   BANK3   BANK2
   530 ;;      Params:         1       0       0       0       0
   531 ;;      Locals:         1       0       0       0       0
   532 ;;      Temps:          1       0       0       0       0
   533 ;;      Totals:         3       0       0       0       0
   534 ;;Total ram usage:        3 bytes
   535 ;; Hardware stack levels used: 1
   536 ;; This function calls:
   537 ;;		Nothing
   538 ;; This function is called by:
   539 ;;		_main
   540 ;; This function uses a non-reentrant model
   541 ;;
   542                           
   543  077D                     _OSC_set:	
   544                           ;psect for function _OSC_set
   545                           
   546                           
   547                           ;incstack = 0
   548                           ; Regs used in _OSC_set: [wreg+status,2+status,0]
   549                           ;OSC_set@FreqClockSelect stored from wreg
   550  077D  00F2               	movwf	OSC_set@FreqClockSelect
   551  077E                     l936:
   552                           
   553                           ;./PICOSC.h: 25:     if (FreqClockSelect == 7){
   554  077E  3007               	movlw	7
   555  077F  0672               	xorwf	OSC_set@FreqClockSelect,w
   556  0780  1D03               	btfss	3,2
   557  0781  2F83               	goto	u481
   558  0782  2F84               	goto	u480
   559  0783                     u481:
   560  0783  2F89               	goto	l940
   561  0784                     u480:
   562  0784                     l938:
   563                           
   564                           ;./PICOSC.h: 26:         OSCCONbits.IRCF = 7;
   565  0784  3070               	movlw	112
   566  0785  1683               	bsf	3,5	;RP0=1, select bank1
   567  0786  1303               	bcf	3,6	;RP1=0, select bank1
   568  0787  048F               	iorwf	15,f	;volatile
   569                           
   570                           ;./PICOSC.h: 27:     }
   571  0788  2FE0               	goto	l46
   572  0789                     l940:
   573  0789  3006               	movlw	6
   574  078A  0672               	xorwf	OSC_set@FreqClockSelect,w
   575  078B  1D03               	btfss	3,2
   576  078C  2F8E               	goto	u491
   577  078D  2F8F               	goto	u490
   578  078E                     u491:
   579  078E  2F96               	goto	l944
   580  078F                     u490:
   581  078F                     l942:
   582                           
   583                           ;./PICOSC.h: 29:         OSCCONbits.IRCF = 6;
   584  078F  1683               	bsf	3,5	;RP0=1, select bank1
   585  0790  1303               	bcf	3,6	;RP1=0, select bank1
   586  0791  080F               	movf	15,w	;volatile
   587  0792  398F               	andlw	-113
   588  0793  3860               	iorlw	96
   589  0794  008F               	movwf	15	;volatile
   590                           
   591                           ;./PICOSC.h: 30:     }
   592  0795  2FE0               	goto	l46
   593  0796                     l944:
   594  0796  3005               	movlw	5
   595  0797  0672               	xorwf	OSC_set@FreqClockSelect,w
   596  0798  1D03               	btfss	3,2
   597  0799  2F9B               	goto	u501
   598  079A  2F9C               	goto	u500
   599  079B                     u501:
   600  079B  2FA3               	goto	l948
   601  079C                     u500:
   602  079C                     l946:
   603                           
   604                           ;./PICOSC.h: 32:         OSCCONbits.IRCF = 5;
   605  079C  1683               	bsf	3,5	;RP0=1, select bank1
   606  079D  1303               	bcf	3,6	;RP1=0, select bank1
   607  079E  080F               	movf	15,w	;volatile
   608  079F  398F               	andlw	-113
   609  07A0  3850               	iorlw	80
   610  07A1  008F               	movwf	15	;volatile
   611                           
   612                           ;./PICOSC.h: 33:     }
   613  07A2  2FE0               	goto	l46
   614  07A3                     l948:
   615  07A3  3004               	movlw	4
   616  07A4  0672               	xorwf	OSC_set@FreqClockSelect,w
   617  07A5  1D03               	btfss	3,2
   618  07A6  2FA8               	goto	u511
   619  07A7  2FA9               	goto	u510
   620  07A8                     u511:
   621  07A8  2FB0               	goto	l952
   622  07A9                     u510:
   623  07A9                     l950:
   624                           
   625                           ;./PICOSC.h: 35:         OSCCONbits.IRCF = 4;
   626  07A9  1683               	bsf	3,5	;RP0=1, select bank1
   627  07AA  1303               	bcf	3,6	;RP1=0, select bank1
   628  07AB  080F               	movf	15,w	;volatile
   629  07AC  398F               	andlw	-113
   630  07AD  3840               	iorlw	64
   631  07AE  008F               	movwf	15	;volatile
   632                           
   633                           ;./PICOSC.h: 36:     }
   634  07AF  2FE0               	goto	l46
   635  07B0                     l952:
   636  07B0  3003               	movlw	3
   637  07B1  0672               	xorwf	OSC_set@FreqClockSelect,w
   638  07B2  1D03               	btfss	3,2
   639  07B3  2FB5               	goto	u521
   640  07B4  2FB6               	goto	u520
   641  07B5                     u521:
   642  07B5  2FBD               	goto	l956
   643  07B6                     u520:
   644  07B6                     l954:
   645                           
   646                           ;./PICOSC.h: 38:         OSCCONbits.IRCF = 3;
   647  07B6  1683               	bsf	3,5	;RP0=1, select bank1
   648  07B7  1303               	bcf	3,6	;RP1=0, select bank1
   649  07B8  080F               	movf	15,w	;volatile
   650  07B9  398F               	andlw	-113
   651  07BA  3830               	iorlw	48
   652  07BB  008F               	movwf	15	;volatile
   653                           
   654                           ;./PICOSC.h: 39:     }
   655  07BC  2FE0               	goto	l46
   656  07BD                     l956:
   657  07BD  3002               	movlw	2
   658  07BE  0672               	xorwf	OSC_set@FreqClockSelect,w
   659  07BF  1D03               	btfss	3,2
   660  07C0  2FC2               	goto	u531
   661  07C1  2FC3               	goto	u530
   662  07C2                     u531:
   663  07C2  2FCA               	goto	l960
   664  07C3                     u530:
   665  07C3                     l958:
   666                           
   667                           ;./PICOSC.h: 41:         OSCCONbits.IRCF = 2;
   668  07C3  1683               	bsf	3,5	;RP0=1, select bank1
   669  07C4  1303               	bcf	3,6	;RP1=0, select bank1
   670  07C5  080F               	movf	15,w	;volatile
   671  07C6  398F               	andlw	-113
   672  07C7  3820               	iorlw	32
   673  07C8  008F               	movwf	15	;volatile
   674                           
   675                           ;./PICOSC.h: 42:     }
   676  07C9  2FE0               	goto	l46
   677  07CA                     l960:
   678  07CA  0372               	decf	OSC_set@FreqClockSelect,w
   679  07CB  1D03               	btfss	3,2
   680  07CC  2FCE               	goto	u541
   681  07CD  2FCF               	goto	u540
   682  07CE                     u541:
   683  07CE  2FD6               	goto	l964
   684  07CF                     u540:
   685  07CF                     l962:
   686                           
   687                           ;./PICOSC.h: 44:         OSCCONbits.IRCF = 1;
   688  07CF  1683               	bsf	3,5	;RP0=1, select bank1
   689  07D0  1303               	bcf	3,6	;RP1=0, select bank1
   690  07D1  080F               	movf	15,w	;volatile
   691  07D2  398F               	andlw	-113
   692  07D3  3810               	iorlw	16
   693  07D4  008F               	movwf	15	;volatile
   694                           
   695                           ;./PICOSC.h: 45:     }
   696  07D5  2FE0               	goto	l46
   697  07D6                     l964:
   698  07D6  0872               	movf	OSC_set@FreqClockSelect,w
   699  07D7  1D03               	btfss	3,2
   700  07D8  2FDA               	goto	u551
   701  07D9  2FDB               	goto	u550
   702  07DA                     u551:
   703  07DA  2FE0               	goto	l54
   704  07DB                     u550:
   705  07DB                     l966:
   706                           
   707                           ;./PICOSC.h: 47:         OSCCONbits.IRCF = 0;
   708  07DB  308F               	movlw	-113
   709  07DC  1683               	bsf	3,5	;RP0=1, select bank1
   710  07DD  1303               	bcf	3,6	;RP1=0, select bank1
   711  07DE  058F               	andwf	15,f	;volatile
   712  07DF  2FE0               	goto	l46
   713  07E0                     l54:
   714  07E0                     l46:
   715                           
   716                           ;./PICOSC.h: 49:     if (InternalOsc == 1){
   717  07E0  0370               	decf	OSC_set@InternalOsc,w
   718  07E1  1D03               	btfss	3,2
   719  07E2  2FE4               	goto	u561
   720  07E3  2FE5               	goto	u560
   721  07E4                     u561:
   722  07E4  2FE9               	goto	l970
   723  07E5                     u560:
   724  07E5                     l968:
   725                           
   726                           ;./PICOSC.h: 50:         OSCCON |= (1<< 0x0);
   727  07E5  1683               	bsf	3,5	;RP0=1, select bank1
   728  07E6  1303               	bcf	3,6	;RP1=0, select bank1
   729  07E7  140F               	bsf	15,0	;volatile
   730                           
   731                           ;./PICOSC.h: 51:     }
   732  07E8  2FF4               	goto	l63
   733  07E9                     l970:
   734  07E9  0870               	movf	OSC_set@InternalOsc,w
   735  07EA  1D03               	btfss	3,2
   736  07EB  2FED               	goto	u571
   737  07EC  2FEE               	goto	u570
   738  07ED                     u571:
   739  07ED  2FF4               	goto	l63
   740  07EE                     u570:
   741  07EE                     l972:
   742                           
   743                           ;./PICOSC.h: 53:         OSCCON &= ~(1<< 0x0);
   744  07EE  30FE               	movlw	254
   745  07EF  00F1               	movwf	??_OSC_set
   746  07F0  0871               	movf	??_OSC_set,w
   747  07F1  1683               	bsf	3,5	;RP0=1, select bank1
   748  07F2  1303               	bcf	3,6	;RP1=0, select bank1
   749  07F3  058F               	andwf	15,f	;volatile
   750  07F4                     l63:
   751  07F4  0008               	return
   752  07F5                     __end_of_OSC_set:
   753                           
   754                           	psect	text2
   755  05F1                     __ptext2:	
   756 ;; *************** function _I2CPIC_Stop *****************
   757 ;; Defined at:
   758 ;;		line 51 in file "./I2Ccom.h"
   759 ;; Parameters:    Size  Location     Type
   760 ;;		None
   761 ;; Auto vars:     Size  Location     Type
   762 ;;		None
   763 ;; Return value:  Size  Location     Type
   764 ;;                  1    wreg      void 
   765 ;; Registers used:
   766 ;;		wreg, status,2, status,0, pclath, cstack
   767 ;; Tracked objects:
   768 ;;		On entry : 0/0
   769 ;;		On exit  : 0/0
   770 ;;		Unchanged: 0/0
   771 ;; Data sizes:     COMMON   BANK0   BANK1   BANK3   BANK2
   772 ;;      Params:         0       0       0       0       0
   773 ;;      Locals:         0       0       0       0       0
   774 ;;      Temps:          0       0       0       0       0
   775 ;;      Totals:         0       0       0       0       0
   776 ;;Total ram usage:        0 bytes
   777 ;; Hardware stack levels used: 1
   778 ;; Hardware stack levels required when called: 1
   779 ;; This function calls:
   780 ;;		_I2CPIC_Wait
   781 ;; This function is called by:
   782 ;;		_main
   783 ;; This function uses a non-reentrant model
   784 ;;
   785                           
   786  05F1                     _I2CPIC_Stop:	
   787                           ;psect for function _I2CPIC_Stop
   788                           
   789  05F1                     l992:	
   790                           ;incstack = 0
   791                           ; Regs used in _I2CPIC_Stop: [wreg+status,2+status,0+pclath+cstack]
   792                           
   793                           
   794                           ;./I2Ccom.h: 52:     I2CPIC_Wait();
   795  05F1  120A  118A  2606  120A  118A  	fcall	_I2CPIC_Wait
   796  05F6                     l994:
   797                           
   798                           ;./I2Ccom.h: 53:     SSPCON2 |= (1<< 0x2);
   799  05F6  1683               	bsf	3,5	;RP0=1, select bank1
   800  05F7  1303               	bcf	3,6	;RP1=0, select bank1
   801  05F8  1511               	bsf	17,2	;volatile
   802  05F9                     l84:
   803  05F9  0008               	return
   804  05FA                     __end_of_I2CPIC_Stop:
   805                           
   806                           	psect	text3
   807  05FA                     __ptext3:	
   808 ;; *************** function _I2CPIC_Start *****************
   809 ;; Defined at:
   810 ;;		line 45 in file "./I2Ccom.h"
   811 ;; Parameters:    Size  Location     Type
   812 ;;		None
   813 ;; Auto vars:     Size  Location     Type
   814 ;;		None
   815 ;; Return value:  Size  Location     Type
   816 ;;                  1    wreg      void 
   817 ;; Registers used:
   818 ;;		wreg, status,2, status,0, pclath, cstack
   819 ;; Tracked objects:
   820 ;;		On entry : 0/0
   821 ;;		On exit  : 0/0
   822 ;;		Unchanged: 0/0
   823 ;; Data sizes:     COMMON   BANK0   BANK1   BANK3   BANK2
   824 ;;      Params:         0       0       0       0       0
   825 ;;      Locals:         0       0       0       0       0
   826 ;;      Temps:          0       0       0       0       0
   827 ;;      Totals:         0       0       0       0       0
   828 ;;Total ram usage:        0 bytes
   829 ;; Hardware stack levels used: 1
   830 ;; Hardware stack levels required when called: 1
   831 ;; This function calls:
   832 ;;		_I2CPIC_Wait
   833 ;; This function is called by:
   834 ;;		_main
   835 ;; This function uses a non-reentrant model
   836 ;;
   837                           
   838  05FA                     _I2CPIC_Start:	
   839                           ;psect for function _I2CPIC_Start
   840                           
   841  05FA                     l986:	
   842                           ;incstack = 0
   843                           ; Regs used in _I2CPIC_Start: [wreg+status,2+status,0+pclath+cstack]
   844                           
   845                           
   846                           ;./I2Ccom.h: 46:     I2CPIC_Wait();
   847  05FA  120A  118A  2606  120A  118A  	fcall	_I2CPIC_Wait
   848  05FF                     l988:
   849                           
   850                           ;./I2Ccom.h: 47:     SEN = 1;
   851  05FF  1683               	bsf	3,5	;RP0=1, select bank1
   852  0600  1303               	bcf	3,6	;RP1=0, select bank1
   853  0601  1411               	bsf	17,0	;volatile
   854  0602                     l990:
   855                           
   856                           ;./I2Ccom.h: 48:     RA0 = 1;
   857  0602  1283               	bcf	3,5	;RP0=0, select bank0
   858  0603  1303               	bcf	3,6	;RP1=0, select bank0
   859  0604  1405               	bsf	5,0	;volatile
   860  0605                     l81:
   861  0605  0008               	return
   862  0606                     __end_of_I2CPIC_Start:
   863                           
   864                           	psect	text4
   865  06C1                     __ptext4:	
   866 ;; *************** function _I2CPIC_Mset *****************
   867 ;; Defined at:
   868 ;;		line 13 in file "./I2Ccom.h"
   869 ;; Parameters:    Size  Location     Type
   870 ;;  IntEnable       1    wreg     unsigned char 
   871 ;;  Clock           4   13[BANK0 ] unsigned long 
   872 ;; Auto vars:     Size  Location     Type
   873 ;;  IntEnable       1    0[COMMON] unsigned char 
   874 ;; Return value:  Size  Location     Type
   875 ;;                  1    wreg      void 
   876 ;; Registers used:
   877 ;;		wreg, status,2, status,0, pclath, cstack
   878 ;; Tracked objects:
   879 ;;		On entry : 0/0
   880 ;;		On exit  : 0/0
   881 ;;		Unchanged: 0/0
   882 ;; Data sizes:     COMMON   BANK0   BANK1   BANK3   BANK2
   883 ;;      Params:         0       4       0       0       0
   884 ;;      Locals:         0       0       0       0       0
   885 ;;      Temps:          0       4       0       0       0
   886 ;;      Totals:         0       8       0       0       0
   887 ;;Total ram usage:        8 bytes
   888 ;; Hardware stack levels used: 1
   889 ;; Hardware stack levels required when called: 1
   890 ;; This function calls:
   891 ;;		___lldiv
   892 ;;		___lmul
   893 ;; This function is called by:
   894 ;;		_main
   895 ;; This function uses a non-reentrant model
   896 ;;
   897                           
   898  06C1                     _I2CPIC_Mset:	
   899                           ;psect for function _I2CPIC_Mset
   900                           
   901  06C1                     l974:	
   902                           ;incstack = 0
   903                           ; Regs used in _I2CPIC_Mset: [wreg+status,2+status,0+pclath+cstack]
   904                           
   905                           
   906                           ;./I2Ccom.h: 14:     TRISC3 = 1;
   907  06C1  1683               	bsf	3,5	;RP0=1, select bank1
   908  06C2  1303               	bcf	3,6	;RP1=0, select bank1
   909  06C3  1587               	bsf	7,3	;volatile
   910                           
   911                           ;./I2Ccom.h: 15:     TRISC4 = 1;
   912  06C4  1607               	bsf	7,4	;volatile
   913  06C5                     l976:
   914                           
   915                           ;./I2Ccom.h: 16:     SSPCON = 0b00101000;
   916  06C5  3028               	movlw	40
   917  06C6  1283               	bcf	3,5	;RP0=0, select bank0
   918  06C7  1303               	bcf	3,6	;RP1=0, select bank0
   919  06C8  0094               	movwf	20	;volatile
   920  06C9                     l978:
   921                           
   922                           ;./I2Ccom.h: 19:     SSPCON2 = 0b00000000;
   923  06C9  1683               	bsf	3,5	;RP0=1, select bank1
   924  06CA  1303               	bcf	3,6	;RP1=0, select bank1
   925  06CB  0191               	clrf	17	;volatile
   926  06CC                     l980:
   927                           
   928                           ;./I2Ccom.h: 21:     SSPADD = (8000000/ (4*Clock*100))-1;
   929  06CC  1283               	bcf	3,5	;RP0=0, select bank0
   930  06CD  1303               	bcf	3,6	;RP1=0, select bank0
   931  06CE  082D               	movf	I2CPIC_Mset@Clock,w
   932  06CF  00B1               	movwf	??_I2CPIC_Mset
   933  06D0  082E               	movf	I2CPIC_Mset@Clock+1,w
   934  06D1  00B2               	movwf	??_I2CPIC_Mset+1
   935  06D2  082F               	movf	I2CPIC_Mset@Clock+2,w
   936  06D3  00B3               	movwf	??_I2CPIC_Mset+2
   937  06D4  0830               	movf	I2CPIC_Mset@Clock+3,w
   938  06D5  00B4               	movwf	??_I2CPIC_Mset+3
   939  06D6  3002               	movlw	2
   940  06D7                     u585:
   941  06D7  1003               	clrc
   942  06D8  0DB1               	rlf	??_I2CPIC_Mset,f
   943  06D9  0DB2               	rlf	??_I2CPIC_Mset+1,f
   944  06DA  0DB3               	rlf	??_I2CPIC_Mset+2,f
   945  06DB  0DB4               	rlf	??_I2CPIC_Mset+3,f
   946  06DC                     u580:
   947  06DC  3EFF               	addlw	-1
   948  06DD  1D03               	skipz
   949  06DE  2ED7               	goto	u585
   950  06DF  0834               	movf	??_I2CPIC_Mset+3,w
   951  06E0  00F3               	movwf	___lmul@multiplier+3
   952  06E1  0833               	movf	??_I2CPIC_Mset+2,w
   953  06E2  00F2               	movwf	___lmul@multiplier+2
   954  06E3  0832               	movf	??_I2CPIC_Mset+1,w
   955  06E4  00F1               	movwf	___lmul@multiplier+1
   956  06E5  0831               	movf	??_I2CPIC_Mset,w
   957  06E6  00F0               	movwf	___lmul@multiplier
   958  06E7  3000               	movlw	0
   959  06E8  00F7               	movwf	___lmul@multiplicand+3
   960  06E9  3000               	movlw	0
   961  06EA  00F6               	movwf	___lmul@multiplicand+2
   962  06EB  3000               	movlw	0
   963  06EC  00F5               	movwf	___lmul@multiplicand+1
   964  06ED  3064               	movlw	100
   965  06EE  00F4               	movwf	___lmul@multiplicand
   966  06EF  120A  118A  2629  120A  118A  	fcall	___lmul
   967  06F4  0873               	movf	?___lmul+3,w
   968  06F5  1283               	bcf	3,5	;RP0=0, select bank0
   969  06F6  1303               	bcf	3,6	;RP1=0, select bank0
   970  06F7  00A3               	movwf	___lldiv@divisor+3
   971  06F8  0872               	movf	?___lmul+2,w
   972  06F9  00A2               	movwf	___lldiv@divisor+2
   973  06FA  0871               	movf	?___lmul+1,w
   974  06FB  00A1               	movwf	___lldiv@divisor+1
   975  06FC  0870               	movf	?___lmul,w
   976  06FD  00A0               	movwf	___lldiv@divisor
   977  06FE  3000               	movlw	0
   978  06FF  00A7               	movwf	___lldiv@dividend+3
   979  0700  307A               	movlw	122
   980  0701  00A6               	movwf	___lldiv@dividend+2
   981  0702  3012               	movlw	18
   982  0703  00A5               	movwf	___lldiv@dividend+1
   983  0704  3000               	movlw	0
   984  0705  00A4               	movwf	___lldiv@dividend
   985  0706  120A  118A  2715  120A  118A  	fcall	___lldiv
   986  070B  1283               	bcf	3,5	;RP0=0, select bank0
   987  070C  1303               	bcf	3,6	;RP1=0, select bank0
   988  070D  0820               	movf	?___lldiv,w
   989  070E  3EFF               	addlw	255
   990  070F  1683               	bsf	3,5	;RP0=1, select bank1
   991  0710  1303               	bcf	3,6	;RP1=0, select bank1
   992  0711  0093               	movwf	19	;volatile
   993  0712                     l982:
   994                           
   995                           ;./I2Ccom.h: 22:     SSPSTAT = 0;
   996  0712  0194               	clrf	20	;volatile
   997  0713                     l984:
   998                           
   999                           ;./I2Ccom.h: 23:     PIE1bits.SSPIE = 0;
  1000  0713  118C               	bcf	12,3	;volatile
  1001  0714                     l66:
  1002  0714  0008               	return
  1003  0715                     __end_of_I2CPIC_Mset:
  1004                           
  1005                           	psect	text5
  1006  0629                     __ptext5:	
  1007 ;; *************** function ___lmul *****************
  1008 ;; Defined at:
  1009 ;;		line 15 in file "D:\Program Files\Microchip\xc8\v2.36\pic\sources\c90\common\Umul32.c"
  1010 ;; Parameters:    Size  Location     Type
  1011 ;;  multiplier      4    0[COMMON] unsigned long 
  1012 ;;  multiplicand    4    4[COMMON] unsigned long 
  1013 ;; Auto vars:     Size  Location     Type
  1014 ;;  product         4    9[COMMON] unsigned long 
  1015 ;; Return value:  Size  Location     Type
  1016 ;;                  4    0[COMMON] unsigned long 
  1017 ;; Registers used:
  1018 ;;		wreg, status,2, status,0
  1019 ;; Tracked objects:
  1020 ;;		On entry : 0/0
  1021 ;;		On exit  : 0/0
  1022 ;;		Unchanged: 0/0
  1023 ;; Data sizes:     COMMON   BANK0   BANK1   BANK3   BANK2
  1024 ;;      Params:         8       0       0       0       0
  1025 ;;      Locals:         4       0       0       0       0
  1026 ;;      Temps:          1       0       0       0       0
  1027 ;;      Totals:        13       0       0       0       0
  1028 ;;Total ram usage:       13 bytes
  1029 ;; Hardware stack levels used: 1
  1030 ;; This function calls:
  1031 ;;		Nothing
  1032 ;; This function is called by:
  1033 ;;		_I2CPIC_Mset
  1034 ;; This function uses a non-reentrant model
  1035 ;;
  1036                           
  1037  0629                     ___lmul:	
  1038                           ;psect for function ___lmul
  1039                           
  1040  0629                     l898:	
  1041                           ;incstack = 0
  1042                           ; Regs used in ___lmul: [wreg+status,2+status,0]
  1043                           
  1044  0629  3000               	movlw	0
  1045  062A  00FC               	movwf	___lmul@product+3
  1046  062B  3000               	movlw	0
  1047  062C  00FB               	movwf	___lmul@product+2
  1048  062D  3000               	movlw	0
  1049  062E  00FA               	movwf	___lmul@product+1
  1050  062F  3000               	movlw	0
  1051  0630  00F9               	movwf	___lmul@product
  1052  0631                     l900:
  1053  0631  1C70               	btfss	___lmul@multiplier,0
  1054  0632  2E34               	goto	u361
  1055  0633  2E35               	goto	u360
  1056  0634                     u361:
  1057  0634  2E4C               	goto	l904
  1058  0635                     u360:
  1059  0635                     l902:
  1060  0635  0874               	movf	___lmul@multiplicand,w
  1061  0636  07F9               	addwf	___lmul@product,f
  1062  0637  0875               	movf	___lmul@multiplicand+1,w
  1063  0638  1103               	clrz
  1064  0639  1803               	skipnc
  1065  063A  3E01               	addlw	1
  1066  063B  1903               	skipnz
  1067  063C  2E3E               	goto	u371
  1068  063D  07FA               	addwf	___lmul@product+1,f
  1069  063E                     u371:
  1070  063E  0876               	movf	___lmul@multiplicand+2,w
  1071  063F  1103               	clrz
  1072  0640  1803               	skipnc
  1073  0641  3E01               	addlw	1
  1074  0642  1903               	skipnz
  1075  0643  2E45               	goto	u372
  1076  0644  07FB               	addwf	___lmul@product+2,f
  1077  0645                     u372:
  1078  0645  0877               	movf	___lmul@multiplicand+3,w
  1079  0646  1103               	clrz
  1080  0647  1803               	skipnc
  1081  0648  3E01               	addlw	1
  1082  0649  1903               	skipnz
  1083  064A  2E4C               	goto	u373
  1084  064B  07FC               	addwf	___lmul@product+3,f
  1085  064C                     u373:
  1086  064C                     l904:
  1087  064C  3001               	movlw	1
  1088  064D  00F8               	movwf	??___lmul
  1089  064E                     u385:
  1090  064E  1003               	clrc
  1091  064F  0DF4               	rlf	___lmul@multiplicand,f
  1092  0650  0DF5               	rlf	___lmul@multiplicand+1,f
  1093  0651  0DF6               	rlf	___lmul@multiplicand+2,f
  1094  0652  0DF7               	rlf	___lmul@multiplicand+3,f
  1095  0653  0BF8               	decfsz	??___lmul,f
  1096  0654  2E4E               	goto	u385
  1097  0655                     l906:
  1098  0655  3001               	movlw	1
  1099  0656                     u395:
  1100  0656  1003               	clrc
  1101  0657  0CF3               	rrf	___lmul@multiplier+3,f
  1102  0658  0CF2               	rrf	___lmul@multiplier+2,f
  1103  0659  0CF1               	rrf	___lmul@multiplier+1,f
  1104  065A  0CF0               	rrf	___lmul@multiplier,f
  1105  065B  3EFF               	addlw	-1
  1106  065C  1D03               	skipz
  1107  065D  2E56               	goto	u395
  1108  065E  0873               	movf	___lmul@multiplier+3,w
  1109  065F  0472               	iorwf	___lmul@multiplier+2,w
  1110  0660  0471               	iorwf	___lmul@multiplier+1,w
  1111  0661  0470               	iorwf	___lmul@multiplier,w
  1112  0662  1D03               	skipz
  1113  0663  2E65               	goto	u401
  1114  0664  2E66               	goto	u400
  1115  0665                     u401:
  1116  0665  2E31               	goto	l900
  1117  0666                     u400:
  1118  0666                     l908:
  1119  0666  087C               	movf	___lmul@product+3,w
  1120  0667  00F3               	movwf	?___lmul+3
  1121  0668  087B               	movf	___lmul@product+2,w
  1122  0669  00F2               	movwf	?___lmul+2
  1123  066A  087A               	movf	___lmul@product+1,w
  1124  066B  00F1               	movwf	?___lmul+1
  1125  066C  0879               	movf	___lmul@product,w
  1126  066D  00F0               	movwf	?___lmul
  1127  066E                     l218:
  1128  066E  0008               	return
  1129  066F                     __end_of___lmul:
  1130                           
  1131                           	psect	text6
  1132  0715                     __ptext6:	
  1133 ;; *************** function ___lldiv *****************
  1134 ;; Defined at:
  1135 ;;		line 5 in file "D:\Program Files\Microchip\xc8\v2.36\pic\sources\c90\common\__lldiv.c"
  1136 ;; Parameters:    Size  Location     Type
  1137 ;;  divisor         4    0[BANK0 ] unsigned long 
  1138 ;;  dividend        4    4[BANK0 ] unsigned long 
  1139 ;; Auto vars:     Size  Location     Type
  1140 ;;  quotient        4    8[BANK0 ] unsigned long 
  1141 ;;  counter         1   12[BANK0 ] unsigned char 
  1142 ;; Return value:  Size  Location     Type
  1143 ;;                  4    0[BANK0 ] unsigned long 
  1144 ;; Registers used:
  1145 ;;		wreg, status,2, status,0
  1146 ;; Tracked objects:
  1147 ;;		On entry : 0/0
  1148 ;;		On exit  : 0/0
  1149 ;;		Unchanged: 0/0
  1150 ;; Data sizes:     COMMON   BANK0   BANK1   BANK3   BANK2
  1151 ;;      Params:         0       8       0       0       0
  1152 ;;      Locals:         0       5       0       0       0
  1153 ;;      Temps:          1       0       0       0       0
  1154 ;;      Totals:         1      13       0       0       0
  1155 ;;Total ram usage:       14 bytes
  1156 ;; Hardware stack levels used: 1
  1157 ;; This function calls:
  1158 ;;		Nothing
  1159 ;; This function is called by:
  1160 ;;		_I2CPIC_Mset
  1161 ;; This function uses a non-reentrant model
  1162 ;;
  1163                           
  1164  0715                     ___lldiv:	
  1165                           ;psect for function ___lldiv
  1166                           
  1167  0715                     l912:	
  1168                           ;incstack = 0
  1169                           ; Regs used in ___lldiv: [wreg+status,2+status,0]
  1170                           
  1171  0715  3000               	movlw	0
  1172  0716  1283               	bcf	3,5	;RP0=0, select bank0
  1173  0717  1303               	bcf	3,6	;RP1=0, select bank0
  1174  0718  00AB               	movwf	___lldiv@quotient+3
  1175  0719  3000               	movlw	0
  1176  071A  00AA               	movwf	___lldiv@quotient+2
  1177  071B  3000               	movlw	0
  1178  071C  00A9               	movwf	___lldiv@quotient+1
  1179  071D  3000               	movlw	0
  1180  071E  00A8               	movwf	___lldiv@quotient
  1181  071F  0823               	movf	___lldiv@divisor+3,w
  1182  0720  0422               	iorwf	___lldiv@divisor+2,w
  1183  0721  0421               	iorwf	___lldiv@divisor+1,w
  1184  0722  0420               	iorwf	___lldiv@divisor,w
  1185  0723  1903               	skipnz
  1186  0724  2F26               	goto	u411
  1187  0725  2F27               	goto	u410
  1188  0726                     u411:
  1189  0726  2F74               	goto	l932
  1190  0727                     u410:
  1191  0727                     l914:
  1192  0727  01AC               	clrf	___lldiv@counter
  1193  0728  0AAC               	incf	___lldiv@counter,f
  1194  0729  2F37               	goto	l918
  1195  072A                     l916:
  1196  072A  3001               	movlw	1
  1197  072B  00FD               	movwf	??___lldiv
  1198  072C                     u425:
  1199  072C  1003               	clrc
  1200  072D  0DA0               	rlf	___lldiv@divisor,f
  1201  072E  0DA1               	rlf	___lldiv@divisor+1,f
  1202  072F  0DA2               	rlf	___lldiv@divisor+2,f
  1203  0730  0DA3               	rlf	___lldiv@divisor+3,f
  1204  0731  0BFD               	decfsz	??___lldiv,f
  1205  0732  2F2C               	goto	u425
  1206  0733  3001               	movlw	1
  1207  0734  00FD               	movwf	??___lldiv
  1208  0735  087D               	movf	??___lldiv,w
  1209  0736  07AC               	addwf	___lldiv@counter,f
  1210  0737                     l918:
  1211  0737  1FA3               	btfss	___lldiv@divisor+3,7
  1212  0738  2F3A               	goto	u431
  1213  0739  2F3B               	goto	u430
  1214  073A                     u431:
  1215  073A  2F2A               	goto	l916
  1216  073B                     u430:
  1217  073B                     l920:
  1218  073B  3001               	movlw	1
  1219  073C  00FD               	movwf	??___lldiv
  1220  073D                     u445:
  1221  073D  1003               	clrc
  1222  073E  0DA8               	rlf	___lldiv@quotient,f
  1223  073F  0DA9               	rlf	___lldiv@quotient+1,f
  1224  0740  0DAA               	rlf	___lldiv@quotient+2,f
  1225  0741  0DAB               	rlf	___lldiv@quotient+3,f
  1226  0742  0BFD               	decfsz	??___lldiv,f
  1227  0743  2F3D               	goto	u445
  1228  0744                     l922:
  1229  0744  0823               	movf	___lldiv@divisor+3,w
  1230  0745  0227               	subwf	___lldiv@dividend+3,w
  1231  0746  1D03               	skipz
  1232  0747  2F52               	goto	u455
  1233  0748  0822               	movf	___lldiv@divisor+2,w
  1234  0749  0226               	subwf	___lldiv@dividend+2,w
  1235  074A  1D03               	skipz
  1236  074B  2F52               	goto	u455
  1237  074C  0821               	movf	___lldiv@divisor+1,w
  1238  074D  0225               	subwf	___lldiv@dividend+1,w
  1239  074E  1D03               	skipz
  1240  074F  2F52               	goto	u455
  1241  0750  0820               	movf	___lldiv@divisor,w
  1242  0751  0224               	subwf	___lldiv@dividend,w
  1243  0752                     u455:
  1244  0752  1C03               	skipc
  1245  0753  2F55               	goto	u451
  1246  0754  2F56               	goto	u450
  1247  0755                     u451:
  1248  0755  2F65               	goto	l928
  1249  0756                     u450:
  1250  0756                     l924:
  1251  0756  0820               	movf	___lldiv@divisor,w
  1252  0757  02A4               	subwf	___lldiv@dividend,f
  1253  0758  0821               	movf	___lldiv@divisor+1,w
  1254  0759  1C03               	skipc
  1255  075A  0F21               	incfsz	___lldiv@divisor+1,w
  1256  075B  02A5               	subwf	___lldiv@dividend+1,f
  1257  075C  0822               	movf	___lldiv@divisor+2,w
  1258  075D  1C03               	skipc
  1259  075E  0F22               	incfsz	___lldiv@divisor+2,w
  1260  075F  02A6               	subwf	___lldiv@dividend+2,f
  1261  0760  0823               	movf	___lldiv@divisor+3,w
  1262  0761  1C03               	skipc
  1263  0762  0F23               	incfsz	___lldiv@divisor+3,w
  1264  0763  02A7               	subwf	___lldiv@dividend+3,f
  1265  0764                     l926:
  1266  0764  1428               	bsf	___lldiv@quotient,0
  1267  0765                     l928:
  1268  0765  3001               	movlw	1
  1269  0766                     u465:
  1270  0766  1003               	clrc
  1271  0767  0CA3               	rrf	___lldiv@divisor+3,f
  1272  0768  0CA2               	rrf	___lldiv@divisor+2,f
  1273  0769  0CA1               	rrf	___lldiv@divisor+1,f
  1274  076A  0CA0               	rrf	___lldiv@divisor,f
  1275  076B  3EFF               	addlw	-1
  1276  076C  1D03               	skipz
  1277  076D  2F66               	goto	u465
  1278  076E                     l930:
  1279  076E  3001               	movlw	1
  1280  076F  02AC               	subwf	___lldiv@counter,f
  1281  0770  1D03               	btfss	3,2
  1282  0771  2F73               	goto	u471
  1283  0772  2F74               	goto	u470
  1284  0773                     u471:
  1285  0773  2F3B               	goto	l920
  1286  0774                     u470:
  1287  0774                     l932:
  1288  0774  082B               	movf	___lldiv@quotient+3,w
  1289  0775  00A3               	movwf	?___lldiv+3
  1290  0776  082A               	movf	___lldiv@quotient+2,w
  1291  0777  00A2               	movwf	?___lldiv+2
  1292  0778  0829               	movf	___lldiv@quotient+1,w
  1293  0779  00A1               	movwf	?___lldiv+1
  1294  077A  0828               	movf	___lldiv@quotient,w
  1295  077B  00A0               	movwf	?___lldiv
  1296  077C                     l240:
  1297  077C  0008               	return
  1298  077D                     __end_of___lldiv:
  1299                           
  1300                           	psect	text7
  1301  0613                     __ptext7:	
  1302 ;; *************** function _I2CPIC_MasterWrite *****************
  1303 ;; Defined at:
  1304 ;;		line 61 in file "./I2Ccom.h"
  1305 ;; Parameters:    Size  Location     Type
  1306 ;;  Data            1    wreg     unsigned char 
  1307 ;; Auto vars:     Size  Location     Type
  1308 ;;  Data            1    1[COMMON] unsigned char 
  1309 ;; Return value:  Size  Location     Type
  1310 ;;                  1    wreg      void 
  1311 ;; Registers used:
  1312 ;;		wreg, status,2, status,0, pclath, cstack
  1313 ;; Tracked objects:
  1314 ;;		On entry : 0/0
  1315 ;;		On exit  : 0/0
  1316 ;;		Unchanged: 0/0
  1317 ;; Data sizes:     COMMON   BANK0   BANK1   BANK3   BANK2
  1318 ;;      Params:         0       0       0       0       0
  1319 ;;      Locals:         1       0       0       0       0
  1320 ;;      Temps:          1       0       0       0       0
  1321 ;;      Totals:         2       0       0       0       0
  1322 ;;Total ram usage:        2 bytes
  1323 ;; Hardware stack levels used: 1
  1324 ;; Hardware stack levels required when called: 1
  1325 ;; This function calls:
  1326 ;;		_I2CPIC_Wait
  1327 ;; This function is called by:
  1328 ;;		_main
  1329 ;; This function uses a non-reentrant model
  1330 ;;
  1331                           
  1332  0613                     _I2CPIC_MasterWrite:	
  1333                           ;psect for function _I2CPIC_MasterWrite
  1334                           
  1335                           
  1336                           ;incstack = 0
  1337                           ; Regs used in _I2CPIC_MasterWrite: [wreg+status,2+status,0+pclath+cstack]
  1338                           ;I2CPIC_MasterWrite@Data stored from wreg
  1339  0613  00F1               	movwf	I2CPIC_MasterWrite@Data
  1340  0614                     l996:
  1341                           
  1342                           ;./I2Ccom.h: 62:     I2CPIC_Wait();
  1343  0614  120A  118A  2606  120A  118A  	fcall	_I2CPIC_Wait
  1344  0619                     l998:
  1345                           
  1346                           ;./I2Ccom.h: 63:     SSPBUF = Data;
  1347  0619  0871               	movf	I2CPIC_MasterWrite@Data,w
  1348  061A  1283               	bcf	3,5	;RP0=0, select bank0
  1349  061B  1303               	bcf	3,6	;RP1=0, select bank0
  1350  061C  0093               	movwf	19	;volatile
  1351                           
  1352                           ;./I2Ccom.h: 64:     while(!PIR1bits.SSPIF)
  1353  061D  2E20               	goto	l1002
  1354  061E                     l1000:
  1355                           
  1356                           ;./I2Ccom.h: 65:     {;./I2Ccom.h: 66:      PORTA =(1 << 0x1);
  1357  061E  3002               	movlw	2
  1358  061F  0085               	movwf	5	;volatile
  1359  0620                     l1002:
  1360                           
  1361                           ;./I2Ccom.h: 64:     while(!PIR1bits.SSPIF)
  1362  0620  1D8C               	btfss	12,3	;volatile
  1363  0621  2E23               	goto	u591
  1364  0622  2E24               	goto	u590
  1365  0623                     u591:
  1366  0623  2E1E               	goto	l1000
  1367  0624                     u590:
  1368  0624                     l1004:
  1369                           
  1370                           ;./I2Ccom.h: 68:     PORTA &= ~(1 << 0x1);
  1371  0624  30FD               	movlw	253
  1372  0625  00F0               	movwf	??_I2CPIC_MasterWrite
  1373  0626  0870               	movf	??_I2CPIC_MasterWrite,w
  1374  0627  0585               	andwf	5,f	;volatile
  1375  0628                     l93:
  1376  0628  0008               	return
  1377  0629                     __end_of_I2CPIC_MasterWrite:
  1378                           
  1379                           	psect	text8
  1380  0606                     __ptext8:	
  1381 ;; *************** function _I2CPIC_Wait *****************
  1382 ;; Defined at:
  1383 ;;		line 41 in file "./I2Ccom.h"
  1384 ;; Parameters:    Size  Location     Type
  1385 ;;		None
  1386 ;; Auto vars:     Size  Location     Type
  1387 ;;		None
  1388 ;; Return value:  Size  Location     Type
  1389 ;;                  1    wreg      void 
  1390 ;; Registers used:
  1391 ;;		wreg, status,2
  1392 ;; Tracked objects:
  1393 ;;		On entry : 0/0
  1394 ;;		On exit  : 0/0
  1395 ;;		Unchanged: 0/0
  1396 ;; Data sizes:     COMMON   BANK0   BANK1   BANK3   BANK2
  1397 ;;      Params:         0       0       0       0       0
  1398 ;;      Locals:         0       0       0       0       0
  1399 ;;      Temps:          0       0       0       0       0
  1400 ;;      Totals:         0       0       0       0       0
  1401 ;;Total ram usage:        0 bytes
  1402 ;; Hardware stack levels used: 1
  1403 ;; This function calls:
  1404 ;;		Nothing
  1405 ;; This function is called by:
  1406 ;;		_I2CPIC_Start
  1407 ;;		_I2CPIC_Stop
  1408 ;;		_I2CPIC_MasterWrite
  1409 ;;		_I2CPIC_Restart
  1410 ;;		_I2CPIC_MasterRead
  1411 ;; This function uses a non-reentrant model
  1412 ;;
  1413                           
  1414  0606                     _I2CPIC_Wait:	
  1415                           ;psect for function _I2CPIC_Wait
  1416                           
  1417  0606                     l894:	
  1418                           ;incstack = 0
  1419                           ; Regs used in _I2CPIC_Wait: [wreg+status,2]
  1420                           
  1421  0606                     l75:	
  1422                           ;./I2Ccom.h: 42:     while( (SSPSTAT & 0x04) || (SSPCON2 & 0x1F) );
  1423                           
  1424  0606  1683               	bsf	3,5	;RP0=1, select bank1
  1425  0607  1303               	bcf	3,6	;RP1=0, select bank1
  1426  0608  1914               	btfsc	20,2	;volatile
  1427  0609  2E0B               	goto	u341
  1428  060A  2E0C               	goto	u340
  1429  060B                     u341:
  1430  060B  2E06               	goto	l75
  1431  060C                     u340:
  1432  060C                     l896:
  1433  060C  0811               	movf	17,w	;volatile
  1434  060D  391F               	andlw	31
  1435  060E  1D03               	btfss	3,2
  1436  060F  2E11               	goto	u351
  1437  0610  2E12               	goto	u350
  1438  0611                     u351:
  1439  0611  2E06               	goto	l75
  1440  0612                     u350:
  1441  0612                     l78:
  1442  0612  0008               	return
  1443  0613                     __end_of_I2CPIC_Wait:
  1444  007E                     btemp	set	126	;btemp
  1445  007E                     wtemp0	set	126
  1446                           
  1447                           	psect	idloc
  1448                           
  1449                           ;Config register IDLOC0 @ 0x2000
  1450                           ;	unspecified, using default values
  1451  2000                     	org	8192
  1452  2000  3FFF               	dw	16383
  1453                           
  1454                           ;Config register IDLOC1 @ 0x2001
  1455                           ;	unspecified, using default values
  1456  2001                     	org	8193
  1457  2001  3FFF               	dw	16383
  1458                           
  1459                           ;Config register IDLOC2 @ 0x2002
  1460                           ;	unspecified, using default values
  1461  2002                     	org	8194
  1462  2002  3FFF               	dw	16383
  1463                           
  1464                           ;Config register IDLOC3 @ 0x2003
  1465                           ;	unspecified, using default values
  1466  2003                     	org	8195
  1467  2003  3FFF               	dw	16383
  1468                           
  1469                           	psect	config
  1470                           
  1471                           ;Config register CONFIG1 @ 0x2007
  1472                           ;	Oscillator Selection bits
  1473                           ;	FOSC = INTRC_NOCLKOUT, INTOSCIO oscillator: I/O function on RA6/OSC2/CLKOUT pin, I/O f
      +                          unction on RA7/OSC1/CLKIN
  1474                           ;	Watchdog Timer Enable bit
  1475                           ;	WDTE = OFF, WDT disabled and can be enabled by SWDTEN bit of the WDTCON register
  1476                           ;	Power-up Timer Enable bit
  1477                           ;	PWRTE = OFF, PWRT disabled
  1478                           ;	RE3/MCLR pin function select bit
  1479                           ;	MCLRE = OFF, RE3/MCLR pin function is digital input, MCLR internally tied to VDD
  1480                           ;	Code Protection bit
  1481                           ;	CP = OFF, Program memory code protection is disabled
  1482                           ;	Data Code Protection bit
  1483                           ;	CPD = OFF, Data memory code protection is disabled
  1484                           ;	Brown Out Reset Selection bits
  1485                           ;	BOREN = OFF, BOR disabled
  1486                           ;	Internal External Switchover bit
  1487                           ;	IESO = OFF, Internal/External Switchover mode is disabled
  1488                           ;	Fail-Safe Clock Monitor Enabled bit
  1489                           ;	FCMEN = OFF, Fail-Safe Clock Monitor is disabled
  1490                           ;	Low Voltage Programming Enable bit
  1491                           ;	LVP = OFF, RB3 pin has digital I/O, HV on MCLR must be used for programming
  1492                           ;	In-Circuit Debugger Mode bit
  1493                           ;	DEBUG = 0x1, unprogrammed default
  1494  2007                     	org	8199
  1495  2007  20D4               	dw	8404
  1496                           
  1497                           ;Config register CONFIG2 @ 0x2008
  1498                           ;	Brown-out Reset Selection bit
  1499                           ;	BOR4V = BOR40V, Brown-out Reset set to 4.0V
  1500                           ;	Flash Program Memory Self Write Enable bits
  1501                           ;	WRT = OFF, Write protection off
  1502  2008                     	org	8200
  1503  2008  3FFF               	dw	16383

Data Sizes:
    Strings     0
    Constant    0
    Data        1
    BSS         1
    Persistent  0
    Stack       0

Auto Spaces:
    Space          Size  Autos    Used
    COMMON           14     14      14
    BANK0            80     24      26
    BANK1            80      0       0
    BANK3            96      0       0
    BANK2            96      0       0

Pointer List with Targets:

    None.

Critical Paths under _main in COMMON

    _I2CPIC_Mset->___lldiv
    ___lldiv->___lmul

Critical Paths under _main in BANK0

    _main->_I2CPIC_Mset
    _I2CPIC_Mset->___lldiv

Critical Paths under _main in BANK1

    None.

Critical Paths under _main in BANK3

    None.

Critical Paths under _main in BANK2

    None.

Call Graph Tables:

 ---------------------------------------------------------------------------------
 (Depth) Function   	        Calls       Base Space   Used Autos Params    Refs
 ---------------------------------------------------------------------------------
 (0) _main                                                 3     3      0     974
                                             21 BANK0      3     3      0
                 _I2CPIC_MasterWrite
                        _I2CPIC_Mset
                       _I2CPIC_Start
                        _I2CPIC_Stop
                            _OSC_set
 ---------------------------------------------------------------------------------
 (1) _OSC_set                                              3     2      1     296
                                              0 COMMON     3     2      1
 ---------------------------------------------------------------------------------
 (1) _I2CPIC_Stop                                          0     0      0       0
                        _I2CPIC_Wait
 ---------------------------------------------------------------------------------
 (1) _I2CPIC_Start                                         0     0      0       0
                        _I2CPIC_Wait
 ---------------------------------------------------------------------------------
 (1) _I2CPIC_Mset                                          9     5      4     656
                                             13 BANK0      8     4      4
                            ___lldiv
                             ___lmul
 ---------------------------------------------------------------------------------
 (2) ___lmul                                              13     5      8     244
                                              0 COMMON    13     5      8
 ---------------------------------------------------------------------------------
 (2) ___lldiv                                             14     6      8     314
                                             13 COMMON     1     1      0
                                              0 BANK0     13     5      8
                             ___lmul (ARG)
 ---------------------------------------------------------------------------------
 (1) _I2CPIC_MasterWrite                                   2     2      0      22
                                              0 COMMON     2     2      0
                        _I2CPIC_Wait
 ---------------------------------------------------------------------------------
 (2) _I2CPIC_Wait                                          0     0      0       0
 ---------------------------------------------------------------------------------
 Estimated maximum stack depth 2
 ---------------------------------------------------------------------------------

 Call Graph Graphs:

 _main (ROOT)
   _I2CPIC_MasterWrite
     _I2CPIC_Wait
   _I2CPIC_Mset
     ___lldiv
       ___lmul (ARG)
     ___lmul
   _I2CPIC_Start
     _I2CPIC_Wait
   _I2CPIC_Stop
     _I2CPIC_Wait
   _OSC_set

 Address spaces:
Name               Size   Autos  Total    Cost      Usage
BANK3               60      0       0       9        0.0%
BITBANK3            60      0       0       8        0.0%
SFR3                 0      0       0       4        0.0%
BITSFR3              0      0       0       4        0.0%
BANK2               60      0       0      11        0.0%
BITBANK2            60      0       0      10        0.0%
SFR2                 0      0       0       5        0.0%
BITSFR2              0      0       0       5        0.0%
BANK1               50      0       0       7        0.0%
BITBANK1            50      0       0       6        0.0%
SFR1                 0      0       0       2        0.0%
BITSFR1              0      0       0       2        0.0%
BANK0               50     18      1A       5       32.5%
BITBANK0            50      0       0       4        0.0%
SFR0                 0      0       0       1        0.0%
BITSFR0              0      0       0       1        0.0%
COMMON               E      E       E       1      100.0%
BITCOMMON            E      0       0       0        0.0%
CODE                 0      0       0       0        0.0%
DATA                 0      0      28      12        0.0%
ABS                  0      0      28       3        0.0%
NULL                 0      0       0       0        0.0%
STACK                0      0       0       2        0.0%
EEDATA             100      0       0       0        0.0%


Microchip Technology PIC Macro Assembler V2.36 build 20220127204148 
Symbol Table                                                                                   Thu Mar 02 11:11:56 2023

                        l54 07E0                          l46 07E0                          l63 07F4  
                        l81 0605                          l66 0714                          l75 0606  
                        l84 05F9                          l93 0628                          l78 0612  
                       l240 077C                         l218 066E                         l900 0631  
                       l902 0635                         l920 073B                         l912 0715  
                       l904 064C                         l930 076E                         l922 0744  
                       l914 0727                         l906 0655                         l924 0756  
                       l916 072A                         l932 0774                         l908 0666  
                       l940 0789                         l926 0764                         l918 0737  
                       l950 07A9                         l942 078F                         l928 0765  
                       l960 07CA                         l952 07B0                         l944 0796  
                       l936 077E                         l970 07E9                         l962 07CF  
                       l954 07B6                         l946 079C                         l938 0784  
                       l980 06CC                         l972 07EE                         l964 07D6  
                       l956 07BD                         l948 07A3                         l894 0606  
                       l982 0712                         l974 06C1                         l990 0602  
                       l966 07DB                         l958 07C3                         l896 060C  
                       l984 0713                         l976 06C5                         l992 05F1  
                       l968 07E5                         l898 0629                         l978 06C9  
                       l986 05FA                         l994 05F6                         l996 0614  
                       l988 05FF                         l998 0619                         _RA0 0028  
                       u400 0666                         u401 0665                         u410 0727  
                       u411 0726                         u340 060C                         u500 079C  
                       u341 060B                         u501 079B                         u350 0612  
                       u430 073B                         u510 07A9                         u351 0611  
                       u431 073A                         u511 07A8                         u360 0635  
                       u520 07B6                         u425 072C                         u361 0634  
                       u521 07B5                         u450 0756                         u530 07C3  
                       u451 0755                         u371 063E                         u531 07C2  
                       u372 0645                         u540 07CF                         u445 073D  
                       u373 064C                         u541 07CE                         u470 0774  
                       u550 07DB                         u471 0773                         u455 0752  
                       u551 07DA                         u560 07E5                         u480 0784  
                       u465 0766                         u385 064E                         u561 07E4  
                       u481 0783                         u570 07EE                         u490 078F  
                       u395 0656                         u571 07ED                         u491 078E  
                       u627 0681                         u580 06DC                         _SEN 0488  
                       u637 06B6                         u590 0624                         u591 0623  
                       u585 06D7                        l1000 061E                        l1002 0620  
                      l1004 0624                        l1030 0688                        l1040 06AE  
                      l1032 0698                        l1024 066F                        l1034 069D  
                      l1026 0672                        l1036 06A3                        l1028 0679  
                      l1038 06A9                        _PIE1 008C                        _PIR1 000C  
                      _main 066F             __end_of_OSC_set 07F5                        btemp 007E  
                      start 0000                       ?_main 0070             __end_of___lldiv 077D  
                     _PORTA 0005                       _TRISA 0085                       _TRISC 0087  
                     _SSPIF 0063         ___lmul@multiplicand 0074                       _rData 0038  
                     _tData 0039                       status 0003                       wtemp0 007E  
           __initialization 07F5                __end_of_main 06C1                      ??_main 0035  
    OSC_set@FreqClockSelect 0072                   ??_OSC_set 0071          OSC_set@InternalOsc 0070  
                    _INTCON 000B                      _OSCCON 008F                      _SSPADD 0093  
                    _TRISC3 043B                      _TRISC4 043C                      _SSPCON 0014  
                    _SSPBUF 0013                      ___lmul 0629                   ??___lldiv 007D  
   __end_of__initialization 07FC              __pcstackCOMMON 0070                __pidataBANK0 05F0  
             ??_I2CPIC_Mset 0031               ??_I2CPIC_Wait 0070               ??_I2CPIC_Stop 0070  
                __pbssBANK0 0038                  __pmaintext 066F                     ?___lmul 0070  
            ___lmul@product 0079         __end_of_I2CPIC_Mset 0715         __end_of_I2CPIC_Wait 0613  
                   _SSPCON2 0091                     _OSC_set 077D         __end_of_I2CPIC_Stop 05FA  
                   _SSPSTAT 0094        I2CPIC_Mset@IntEnable 0070  __end_of_I2CPIC_MasterWrite 0629  
                   ___lldiv 0715                     __ptext1 077D                     __ptext2 05F1  
                   __ptext3 05FA                     __ptext4 06C1                     __ptext5 0629  
                   __ptext6 0715                     __ptext7 0613                     __ptext8 0606  
    I2CPIC_MasterWrite@Data 0071        end_of_initialization 07FC             ___lldiv@divisor 0020  
           ___lldiv@counter 002C                 _I2CPIC_Mset 06C1                 _I2CPIC_Wait 0606  
               _I2CPIC_Stop 05F1               ?_I2CPIC_Start 0070            I2CPIC_Mset@Clock 002D  
            __end_of___lmul 066F         start_initialization 07F5              ??_I2CPIC_Start 0070  
                  ??___lmul 0078                 __pdataBANK0 0039                   ___latbits 0002  
             __pcstackBANK0 0020                    ?_OSC_set 0070                    ?___lldiv 0020  
        _I2CPIC_MasterWrite 0613         ?_I2CPIC_MasterWrite 0070                    _PIE1bits 008C  
                  _PIR1bits 000C        ??_I2CPIC_MasterWrite 0070        __end_of_I2CPIC_Start 0606  
              ?_I2CPIC_Mset 002D                ?_I2CPIC_Wait 0070                ?_I2CPIC_Stop 0070  
         ___lmul@multiplier 0070            ___lldiv@dividend 0024                  _OSCCONbits 008F  
          ___lldiv@quotient 0028                _I2CPIC_Start 05FA  
