

Microchip MPLAB XC8 Assembler V2.36 build 20220127204148 
                                                                                               Wed Feb 22 09:26:43 2023

Microchip MPLAB XC8 C Compiler v2.36 (Free license) build 20220127204148 Og1 
     1                           	processor	16F887
     2                           	pagewidth 120
     3                           	opt	flic
     4                           	psect	idataCOMMON,global,class=CODE,delta=2,noexec
     5                           	psect	cinit,global,class=CODE,merge=1,delta=2
     6                           	psect	bssCOMMON,global,class=COMMON,space=1,delta=1,noexec
     7                           	psect	dataCOMMON,global,class=COMMON,space=1,delta=1,noexec
     8                           	psect	cstackCOMMON,global,class=COMMON,space=1,delta=1,noexec
     9                           	psect	maintext,global,class=CODE,split=1,delta=2
    10                           	psect	text1,local,class=CODE,merge=1,delta=2
    11                           	psect	text2,local,class=CODE,merge=1,delta=2
    12                           	psect	text3,local,class=CODE,merge=1,delta=2
    13                           	psect	text4,local,class=CODE,merge=1,delta=2
    14                           	psect	text5,local,class=CODE,merge=1,delta=2
    15                           	psect	text6,local,class=CODE,merge=1,delta=2
    16                           	psect	idloc,global,abs,ovrld,class=IDLOC,space=5,delta=2,noexec
    17                           	psect	config,global,abs,ovrld,class=CONFIG,space=4,delta=2,noexec
    18                           	dabs	1,0x7E,2
    19  0000                     
    20                           ; Version 2.40
    21                           ; Generated 17/11/2021 GMT
    22                           ; 
    23                           ; Copyright © 2021, Microchip Technology Inc. and its subsidiaries ("Microchip")
    24                           ; All rights reserved.
    25                           ; 
    26                           ; This software is developed by Microchip Technology Inc. and its subsidiaries ("Microch
      +                          ip").
    27                           ; 
    28                           ; Redistribution and use in source and binary forms, with or without modification, are
    29                           ; permitted provided that the following conditions are met:
    30                           ; 
    31                           ;     1. Redistributions of source code must retain the above copyright notice, this lis
      +                          t of
    32                           ;        conditions and the following disclaimer.
    33                           ; 
    34                           ;     2. Redistributions in binary form must reproduce the above copyright notice, this 
      +                          list
    35                           ;        of conditions and the following disclaimer in the documentation and/or other
    36                           ;        materials provided with the distribution. Publication is not required when
    37                           ;        this file is used in an embedded application.
    38                           ; 
    39                           ;     3. Microchip's name may not be used to endorse or promote products derived from th
      +                          is
    40                           ;        software without specific prior written permission.
    41                           ; 
    42                           ; THIS SOFTWARE IS PROVIDED BY MICROCHIP "AS IS" AND ANY EXPRESS OR IMPLIED WARRANTIES,
    43                           ; INCLUDING, BUT NOT LIMITED TO, THE IMPLIED WARRANTIES OF MERCHANTABILITY AND FITNESS F
      +                          OR
    44                           ; PURPOSE ARE DISCLAIMED.  IN NO EVENT SHALL MICROCHIP BE LIABLE FOR ANY DIRECT, INDIREC
      +                          T,
    45                           ; INCIDENTAL, SPECIAL, EXEMPLARY, OR CONSEQUENTIAL DAMAGES (INCLUDING BUT NOT LIMITED TO
    46                           ; PROCUREMENT OF SUBSTITUTE GOODS OR SERVICES; LOSS OF USE, DATA OR PROFITS; OR BUSINESS
    47                           ; INTERRUPTION) HOWSOEVER CAUSED AND ON ANY THEORY OF LIABILITY, WHETHER IN CONTRACT, ST
      +                          RICT
    48                           ; LIABILITY, OR TORT (INCLUDING NEGLIGENCE OR OTHERWISE) ARISING IN ANY WAY OUT OF THE U
      +                          SE OF
    49                           ; THIS SOFTWARE, EVEN IF ADVISED OF THE POSSIBILITY OF SUCH DAMAGE.
    50                           ; 
    51                           ; 
    52                           ; Code-generator required, PIC16F887 Definitions
    53                           ; 
    54                           ; SFR Addresses
    55  0000                     	;# 
    56  0001                     	;# 
    57  0002                     	;# 
    58  0003                     	;# 
    59  0004                     	;# 
    60  0005                     	;# 
    61  0006                     	;# 
    62  0007                     	;# 
    63  0008                     	;# 
    64  0009                     	;# 
    65  000A                     	;# 
    66  000B                     	;# 
    67  000C                     	;# 
    68  000D                     	;# 
    69  000E                     	;# 
    70  000E                     	;# 
    71  000F                     	;# 
    72  0010                     	;# 
    73  0011                     	;# 
    74  0012                     	;# 
    75  0013                     	;# 
    76  0014                     	;# 
    77  0015                     	;# 
    78  0015                     	;# 
    79  0016                     	;# 
    80  0017                     	;# 
    81  0018                     	;# 
    82  0019                     	;# 
    83  001A                     	;# 
    84  001B                     	;# 
    85  001B                     	;# 
    86  001C                     	;# 
    87  001D                     	;# 
    88  001E                     	;# 
    89  001F                     	;# 
    90  0081                     	;# 
    91  0085                     	;# 
    92  0086                     	;# 
    93  0087                     	;# 
    94  0088                     	;# 
    95  0089                     	;# 
    96  008C                     	;# 
    97  008D                     	;# 
    98  008E                     	;# 
    99  008F                     	;# 
   100  0090                     	;# 
   101  0091                     	;# 
   102  0092                     	;# 
   103  0093                     	;# 
   104  0093                     	;# 
   105  0093                     	;# 
   106  0094                     	;# 
   107  0095                     	;# 
   108  0096                     	;# 
   109  0097                     	;# 
   110  0098                     	;# 
   111  0099                     	;# 
   112  009A                     	;# 
   113  009B                     	;# 
   114  009C                     	;# 
   115  009D                     	;# 
   116  009E                     	;# 
   117  009F                     	;# 
   118  0105                     	;# 
   119  0107                     	;# 
   120  0108                     	;# 
   121  0109                     	;# 
   122  010C                     	;# 
   123  010C                     	;# 
   124  010D                     	;# 
   125  010E                     	;# 
   126  010F                     	;# 
   127  0185                     	;# 
   128  0187                     	;# 
   129  0188                     	;# 
   130  0189                     	;# 
   131  018C                     	;# 
   132  018D                     	;# 
   133  0000                     	;# 
   134  0001                     	;# 
   135  0002                     	;# 
   136  0003                     	;# 
   137  0004                     	;# 
   138  0005                     	;# 
   139  0006                     	;# 
   140  0007                     	;# 
   141  0008                     	;# 
   142  0009                     	;# 
   143  000A                     	;# 
   144  000B                     	;# 
   145  000C                     	;# 
   146  000D                     	;# 
   147  000E                     	;# 
   148  000E                     	;# 
   149  000F                     	;# 
   150  0010                     	;# 
   151  0011                     	;# 
   152  0012                     	;# 
   153  0013                     	;# 
   154  0014                     	;# 
   155  0015                     	;# 
   156  0015                     	;# 
   157  0016                     	;# 
   158  0017                     	;# 
   159  0018                     	;# 
   160  0019                     	;# 
   161  001A                     	;# 
   162  001B                     	;# 
   163  001B                     	;# 
   164  001C                     	;# 
   165  001D                     	;# 
   166  001E                     	;# 
   167  001F                     	;# 
   168  0081                     	;# 
   169  0085                     	;# 
   170  0086                     	;# 
   171  0087                     	;# 
   172  0088                     	;# 
   173  0089                     	;# 
   174  008C                     	;# 
   175  008D                     	;# 
   176  008E                     	;# 
   177  008F                     	;# 
   178  0090                     	;# 
   179  0091                     	;# 
   180  0092                     	;# 
   181  0093                     	;# 
   182  0093                     	;# 
   183  0093                     	;# 
   184  0094                     	;# 
   185  0095                     	;# 
   186  0096                     	;# 
   187  0097                     	;# 
   188  0098                     	;# 
   189  0099                     	;# 
   190  009A                     	;# 
   191  009B                     	;# 
   192  009C                     	;# 
   193  009D                     	;# 
   194  009E                     	;# 
   195  009F                     	;# 
   196  0105                     	;# 
   197  0107                     	;# 
   198  0108                     	;# 
   199  0109                     	;# 
   200  010C                     	;# 
   201  010C                     	;# 
   202  010D                     	;# 
   203  010E                     	;# 
   204  010F                     	;# 
   205  0185                     	;# 
   206  0187                     	;# 
   207  0188                     	;# 
   208  0189                     	;# 
   209  018C                     	;# 
   210  018D                     	;# 
   211                           
   212                           	psect	idataCOMMON
   213  0613                     __pidataCOMMON:
   214                           
   215                           ;initializer for _tData
   216  0613  340F               	retlw	15
   217  0009                     _PORTE	set	9
   218  0008                     _PORTD	set	8
   219  0007                     _PORTC	set	7
   220  0006                     _PORTB	set	6
   221  0005                     _PORTA	set	5
   222  0013                     _SSPBUF	set	19
   223  0014                     _SSPCON	set	20
   224  0086                     _TRISB	set	134
   225  008F                     _OSCCON	set	143
   226  008F                     _OSCCONbits	set	143
   227  0094                     _SSPSTATbits	set	148
   228  0094                     _SSPSTAT	set	148
   229  043B                     _TRISC3	set	1083
   230  043D                     _TRISC5	set	1085
   231                           
   232                           	psect	cinit
   233  07F5                     start_initialization:	
   234                           ; #config settings
   235                           
   236  07F5                     __initialization:
   237                           
   238                           ; Initialize objects allocated to COMMON
   239  07F5  120A  118A  2613  120A  118A  	fcall	__pidataCOMMON	;fetch initializer
   240  07FA  00F8               	movwf	__pdataCOMMON& (0+127)
   241                           
   242                           ; Clear objects allocated to COMMON
   243  07FB  01F7               	clrf	__pbssCOMMON& (0+127)
   244  07FC                     end_of_initialization:	
   245                           ;End of C runtime variable initialization code
   246                           
   247  07FC                     __end_of__initialization:
   248  07FC  0183               	clrf	3
   249  07FD  120A  118A  2E33   	ljmp	_main	;jump to C main() function
   250                           
   251                           	psect	bssCOMMON
   252  0077                     __pbssCOMMON:
   253  0077                     _rData:
   254  0077                     	ds	1
   255                           
   256                           	psect	dataCOMMON
   257  0078                     __pdataCOMMON:
   258  0078                     _tData:
   259  0078                     	ds	1
   260                           
   261                           	psect	cstackCOMMON
   262  0070                     __pcstackCOMMON:
   263  0070                     ?_IO_set:
   264  0070                     ??_IO_set:	
   265                           ; 1 bytes @ 0x0
   266                           
   267  0070                     ?_SPIPIC_set:	
   268                           ; 1 bytes @ 0x0
   269                           
   270  0070                     ?_SPIPIC_Rwait:	
   271                           ; 1 bytes @ 0x0
   272                           
   273  0070                     ??_SPIPIC_Rwait:	
   274                           ; 1 bytes @ 0x0
   275                           
   276  0070                     ?_SPIPIC_tnr:	
   277                           ; 1 bytes @ 0x0
   278                           
   279  0070                     ??_SPIPIC_tnr:	
   280                           ; 1 bytes @ 0x0
   281                           
   282  0070                     ?_SSstart:	
   283                           ; 1 bytes @ 0x0
   284                           
   285  0070                     ?_OSC_set:	
   286                           ; 1 bytes @ 0x0
   287                           
   288  0070                     ?_main:	
   289                           ; 1 bytes @ 0x0
   290                           
   291  0070                     SPIPIC_set@IntEnable:	
   292                           ; 1 bytes @ 0x0
   293                           
   294  0070                     SPIPIC_set@EdgeSampled:	
   295                           ; 1 bytes @ 0x0
   296                           
   297  0070                     SPIPIC_tnr@Data:	
   298                           ; 1 bytes @ 0x0
   299                           
   300  0070                     OSC_set@InternalOsc:	
   301                           ; 1 bytes @ 0x0
   302                           
   303  0070                     SSstart@SlaveNum:	
   304                           ; 1 bytes @ 0x0
   305                           
   306                           
   307                           ; 2 bytes @ 0x0
   308  0070                     	ds	1
   309  0071                     ??_OSC_set:
   310  0071                     SPIPIC_set@DataMode:	
   311                           ; 1 bytes @ 0x1
   312                           
   313                           
   314                           ; 2 bytes @ 0x1
   315  0071                     	ds	1
   316  0072                     ??_SSstart:
   317  0072                     OSC_set@FreqClockSelect:	
   318                           ; 1 bytes @ 0x2
   319                           
   320                           
   321                           ; 1 bytes @ 0x2
   322  0072                     	ds	1
   323  0073                     SPIPIC_set@Role:
   324                           
   325                           ; 1 bytes @ 0x3
   326  0073                     	ds	1
   327  0074                     SPIPIC_set@FrqSCK:
   328  0074                     SSstart@Port:	
   329                           ; 1 bytes @ 0x4
   330                           
   331                           
   332                           ; 1 bytes @ 0x4
   333  0074                     	ds	1
   334  0075                     ??_SPIPIC_set:
   335                           
   336                           ; 1 bytes @ 0x5
   337  0075                     	ds	1
   338  0076                     ??_main:
   339                           
   340                           ; 1 bytes @ 0x6
   341  0076                     	ds	1
   342                           
   343                           	psect	maintext
   344  0633                     __pmaintext:	
   345 ;;
   346 ;;Main: autosize = 0, tempsize = 1, incstack = 0, save=0
   347 ;;
   348 ;; *************** function _main *****************
   349 ;; Defined at:
   350 ;;		line 44 in file "main.c"
   351 ;; Parameters:    Size  Location     Type
   352 ;;		None
   353 ;; Auto vars:     Size  Location     Type
   354 ;;		None
   355 ;; Return value:  Size  Location     Type
   356 ;;                  1    wreg      void 
   357 ;; Registers used:
   358 ;;		wreg, status,2, status,0, pclath, cstack
   359 ;; Tracked objects:
   360 ;;		On entry : B00/0
   361 ;;		On exit  : 0/0
   362 ;;		Unchanged: 0/0
   363 ;; Data sizes:     COMMON   BANK0   BANK1   BANK3   BANK2
   364 ;;      Params:         0       0       0       0       0
   365 ;;      Locals:         0       0       0       0       0
   366 ;;      Temps:          1       0       0       0       0
   367 ;;      Totals:         1       0       0       0       0
   368 ;;Total ram usage:        1 bytes
   369 ;; Hardware stack levels required when called: 2
   370 ;; This function calls:
   371 ;;		_IO_set
   372 ;;		_OSC_set
   373 ;;		_SPIPIC_set
   374 ;;		_SPIPIC_tnr
   375 ;;		_SSstart
   376 ;; This function is called by:
   377 ;;		Startup code after reset
   378 ;; This function uses a non-reentrant model
   379 ;;
   380                           
   381  0633                     _main:	
   382                           ;psect for function _main
   383                           
   384  0633                     l994:	
   385                           ;incstack = 0
   386                           ; Regs used in _main: [wreg+status,2+status,0+pclath+cstack]
   387                           
   388                           
   389                           ;main.c: 45:     OSC_set(7,0);
   390  0633  01F0               	clrf	OSC_set@InternalOsc
   391  0634  3007               	movlw	7
   392  0635  120A  118A  26D9  120A  118A  	fcall	_OSC_set
   393                           
   394                           ;main.c: 46:     IO_set();
   395  063A  120A  118A  261B  120A  118A  	fcall	_IO_set
   396                           
   397                           ;main.c: 47:     SPIPIC_set(0, 0, 0, 1, 0b00000010);
   398  063F  01F0               	clrf	SPIPIC_set@EdgeSampled
   399  0640  3000               	movlw	0
   400  0641  00F1               	movwf	SPIPIC_set@DataMode
   401  0642  00F2               	movwf	SPIPIC_set@DataMode+1
   402  0643  01F3               	clrf	SPIPIC_set@Role
   403  0644  0AF3               	incf	SPIPIC_set@Role,f
   404  0645  3002               	movlw	2
   405  0646  00F6               	movwf	??_main
   406  0647  0876               	movf	??_main,w
   407  0648  00F4               	movwf	SPIPIC_set@FrqSCK
   408  0649  3000               	movlw	0
   409  064A  120A  118A  2751  120A  118A  	fcall	_SPIPIC_set
   410                           
   411                           ;main.c: 48:     SSstart(1,7);
   412  064F  3007               	movlw	7
   413  0650  00F0               	movwf	SSstart@SlaveNum
   414  0651  3000               	movlw	0
   415  0652  00F1               	movwf	SSstart@SlaveNum+1
   416  0653  3001               	movlw	1
   417  0654  120A  118A  2666  120A  118A  	fcall	_SSstart
   418  0659                     l122:	
   419                           ;main.c: 49:     while(1)
   420                           
   421                           
   422                           ;main.c: 50:     {;main.c: 51:        rData = SPIPIC_tnr(tData);
   423  0659  300F               	movlw	15
   424  065A  120A  118A  2625  120A  118A  	fcall	_SPIPIC_tnr
   425  065F  00F6               	movwf	??_main
   426  0660  0876               	movf	??_main,w
   427  0661  00F7               	movwf	_rData
   428  0662  2E59               	goto	l122
   429  0663  120A  118A  2800   	ljmp	start
   430  0666                     __end_of_main:
   431                           
   432                           	psect	text1
   433  0666                     __ptext1:	
   434 ;; *************** function _SSstart *****************
   435 ;; Defined at:
   436 ;;		line 96 in file "./SPIcom.h"
   437 ;; Parameters:    Size  Location     Type
   438 ;;  Port            1    wreg     unsigned char 
   439 ;;  SlaveNum        2    0[COMMON] int 
   440 ;; Auto vars:     Size  Location     Type
   441 ;;  Port            1    4[COMMON] unsigned char 
   442 ;; Return value:  Size  Location     Type
   443 ;;                  1    wreg      void 
   444 ;; Registers used:
   445 ;;		wreg, status,2, status,0
   446 ;; Tracked objects:
   447 ;;		On entry : 0/0
   448 ;;		On exit  : 0/0
   449 ;;		Unchanged: 0/0
   450 ;; Data sizes:     COMMON   BANK0   BANK1   BANK3   BANK2
   451 ;;      Params:         2       0       0       0       0
   452 ;;      Locals:         1       0       0       0       0
   453 ;;      Temps:          2       0       0       0       0
   454 ;;      Totals:         5       0       0       0       0
   455 ;;Total ram usage:        5 bytes
   456 ;; Hardware stack levels used: 1
   457 ;; This function calls:
   458 ;;		Nothing
   459 ;; This function is called by:
   460 ;;		_main
   461 ;; This function uses a non-reentrant model
   462 ;;
   463                           
   464  0666                     _SSstart:	
   465                           ;psect for function _SSstart
   466                           
   467                           
   468                           ;incstack = 0
   469                           ; Regs used in _SSstart: [wreg+status,2+status,0]
   470                           ;SSstart@Port stored from wreg
   471  0666  00F4               	movwf	SSstart@Port
   472  0667                     l936:
   473                           
   474                           ;./SPIcom.h: 97:     if (Port == 0)
   475  0667  0874               	movf	SSstart@Port,w
   476  0668  1D03               	btfss	3,2
   477  0669  2E6B               	goto	u561
   478  066A  2E6C               	goto	u560
   479  066B                     u561:
   480  066B  2E7D               	goto	l940
   481  066C                     u560:
   482  066C                     l938:
   483                           
   484                           ;./SPIcom.h: 98:     {;./SPIcom.h: 99:         PORTA &= ~(1<<SlaveNum);
   485  066C  3001               	movlw	1
   486  066D  00F2               	movwf	??_SSstart
   487  066E  0A70               	incf	SSstart@SlaveNum,w
   488  066F  2E72               	goto	u574
   489  0670                     u575:
   490  0670  1003               	clrc
   491  0671  0DF2               	rlf	??_SSstart,f
   492  0672                     u574:
   493  0672  3EFF               	addlw	-1
   494  0673  1D03               	skipz
   495  0674  2E70               	goto	u575
   496  0675  0872               	movf	??_SSstart,w
   497  0676  3AFF               	xorlw	255
   498  0677  00F3               	movwf	??_SSstart+1
   499  0678  0873               	movf	??_SSstart+1,w
   500  0679  1283               	bcf	3,5	;RP0=0, select bank0
   501  067A  1303               	bcf	3,6	;RP1=0, select bank0
   502  067B  0585               	andwf	5,f	;volatile
   503                           
   504                           ;./SPIcom.h: 100:     }
   505  067C  2ED8               	goto	l80
   506  067D                     l940:
   507  067D  0374               	decf	SSstart@Port,w
   508  067E  1D03               	btfss	3,2
   509  067F  2E81               	goto	u581
   510  0680  2E82               	goto	u580
   511  0681                     u581:
   512  0681  2E93               	goto	l944
   513  0682                     u580:
   514  0682                     l942:
   515                           
   516                           ;./SPIcom.h: 102:     {;./SPIcom.h: 103:         PORTB &= ~(1<<SlaveNum);
   517  0682  3001               	movlw	1
   518  0683  00F2               	movwf	??_SSstart
   519  0684  0A70               	incf	SSstart@SlaveNum,w
   520  0685  2E88               	goto	u594
   521  0686                     u595:
   522  0686  1003               	clrc
   523  0687  0DF2               	rlf	??_SSstart,f
   524  0688                     u594:
   525  0688  3EFF               	addlw	-1
   526  0689  1D03               	skipz
   527  068A  2E86               	goto	u595
   528  068B  0872               	movf	??_SSstart,w
   529  068C  3AFF               	xorlw	255
   530  068D  00F3               	movwf	??_SSstart+1
   531  068E  0873               	movf	??_SSstart+1,w
   532  068F  1283               	bcf	3,5	;RP0=0, select bank0
   533  0690  1303               	bcf	3,6	;RP1=0, select bank0
   534  0691  0586               	andwf	6,f	;volatile
   535                           
   536                           ;./SPIcom.h: 104:     }
   537  0692  2ED8               	goto	l80
   538  0693                     l944:
   539  0693  3002               	movlw	2
   540  0694  0674               	xorwf	SSstart@Port,w
   541  0695  1D03               	btfss	3,2
   542  0696  2E98               	goto	u601
   543  0697  2E99               	goto	u600
   544  0698                     u601:
   545  0698  2EAA               	goto	l948
   546  0699                     u600:
   547  0699                     l946:
   548                           
   549                           ;./SPIcom.h: 106:     {;./SPIcom.h: 107:         PORTC &= ~(1<<SlaveNum);
   550  0699  3001               	movlw	1
   551  069A  00F2               	movwf	??_SSstart
   552  069B  0A70               	incf	SSstart@SlaveNum,w
   553  069C  2E9F               	goto	u614
   554  069D                     u615:
   555  069D  1003               	clrc
   556  069E  0DF2               	rlf	??_SSstart,f
   557  069F                     u614:
   558  069F  3EFF               	addlw	-1
   559  06A0  1D03               	skipz
   560  06A1  2E9D               	goto	u615
   561  06A2  0872               	movf	??_SSstart,w
   562  06A3  3AFF               	xorlw	255
   563  06A4  00F3               	movwf	??_SSstart+1
   564  06A5  0873               	movf	??_SSstart+1,w
   565  06A6  1283               	bcf	3,5	;RP0=0, select bank0
   566  06A7  1303               	bcf	3,6	;RP1=0, select bank0
   567  06A8  0587               	andwf	7,f	;volatile
   568                           
   569                           ;./SPIcom.h: 108:     }
   570  06A9  2ED8               	goto	l80
   571  06AA                     l948:
   572  06AA  3003               	movlw	3
   573  06AB  0674               	xorwf	SSstart@Port,w
   574  06AC  1D03               	btfss	3,2
   575  06AD  2EAF               	goto	u621
   576  06AE  2EB0               	goto	u620
   577  06AF                     u621:
   578  06AF  2EC1               	goto	l952
   579  06B0                     u620:
   580  06B0                     l950:
   581                           
   582                           ;./SPIcom.h: 110:     {;./SPIcom.h: 111:         PORTD &= ~(1<<SlaveNum);
   583  06B0  3001               	movlw	1
   584  06B1  00F2               	movwf	??_SSstart
   585  06B2  0A70               	incf	SSstart@SlaveNum,w
   586  06B3  2EB6               	goto	u634
   587  06B4                     u635:
   588  06B4  1003               	clrc
   589  06B5  0DF2               	rlf	??_SSstart,f
   590  06B6                     u634:
   591  06B6  3EFF               	addlw	-1
   592  06B7  1D03               	skipz
   593  06B8  2EB4               	goto	u635
   594  06B9  0872               	movf	??_SSstart,w
   595  06BA  3AFF               	xorlw	255
   596  06BB  00F3               	movwf	??_SSstart+1
   597  06BC  0873               	movf	??_SSstart+1,w
   598  06BD  1283               	bcf	3,5	;RP0=0, select bank0
   599  06BE  1303               	bcf	3,6	;RP1=0, select bank0
   600  06BF  0588               	andwf	8,f	;volatile
   601                           
   602                           ;./SPIcom.h: 112:     }
   603  06C0  2ED8               	goto	l80
   604  06C1                     l952:
   605  06C1  3004               	movlw	4
   606  06C2  0674               	xorwf	SSstart@Port,w
   607  06C3  1D03               	btfss	3,2
   608  06C4  2EC6               	goto	u641
   609  06C5  2EC7               	goto	u640
   610  06C6                     u641:
   611  06C6  2ED8               	goto	l74
   612  06C7                     u640:
   613  06C7                     l954:
   614                           
   615                           ;./SPIcom.h: 114:     {;./SPIcom.h: 115:         PORTE &= ~(1<<SlaveNum);
   616  06C7  3001               	movlw	1
   617  06C8  00F2               	movwf	??_SSstart
   618  06C9  0A70               	incf	SSstart@SlaveNum,w
   619  06CA  2ECD               	goto	u654
   620  06CB                     u655:
   621  06CB  1003               	clrc
   622  06CC  0DF2               	rlf	??_SSstart,f
   623  06CD                     u654:
   624  06CD  3EFF               	addlw	-1
   625  06CE  1D03               	skipz
   626  06CF  2ECB               	goto	u655
   627  06D0  0872               	movf	??_SSstart,w
   628  06D1  3AFF               	xorlw	255
   629  06D2  00F3               	movwf	??_SSstart+1
   630  06D3  0873               	movf	??_SSstart+1,w
   631  06D4  1283               	bcf	3,5	;RP0=0, select bank0
   632  06D5  1303               	bcf	3,6	;RP1=0, select bank0
   633  06D6  0589               	andwf	9,f	;volatile
   634  06D7  2ED8               	goto	l80
   635  06D8                     l74:
   636  06D8                     l80:
   637  06D8  0008               	return
   638  06D9                     __end_of_SSstart:
   639                           
   640                           	psect	text2
   641  0625                     __ptext2:	
   642 ;; *************** function _SPIPIC_tnr *****************
   643 ;; Defined at:
   644 ;;		line 81 in file "./SPIcom.h"
   645 ;; Parameters:    Size  Location     Type
   646 ;;  Data            1    wreg     unsigned char 
   647 ;; Auto vars:     Size  Location     Type
   648 ;;  Data            1    0[COMMON] unsigned char 
   649 ;; Return value:  Size  Location     Type
   650 ;;                  1    wreg      unsigned char 
   651 ;; Registers used:
   652 ;;		wreg, status,2, status,0, pclath, cstack
   653 ;; Tracked objects:
   654 ;;		On entry : 0/0
   655 ;;		On exit  : 0/0
   656 ;;		Unchanged: 0/0
   657 ;; Data sizes:     COMMON   BANK0   BANK1   BANK3   BANK2
   658 ;;      Params:         0       0       0       0       0
   659 ;;      Locals:         1       0       0       0       0
   660 ;;      Temps:          0       0       0       0       0
   661 ;;      Totals:         1       0       0       0       0
   662 ;;Total ram usage:        1 bytes
   663 ;; Hardware stack levels used: 1
   664 ;; Hardware stack levels required when called: 1
   665 ;; This function calls:
   666 ;;		_SPIPIC_Rwait
   667 ;; This function is called by:
   668 ;;		_main
   669 ;; This function uses a non-reentrant model
   670 ;;
   671                           
   672  0625                     _SPIPIC_tnr:	
   673                           ;psect for function _SPIPIC_tnr
   674                           
   675                           
   676                           ;incstack = 0
   677                           ; Regs used in _SPIPIC_tnr: [wreg+status,2+status,0+pclath+cstack]
   678                           ;SPIPIC_tnr@Data stored from wreg
   679  0625  00F0               	movwf	SPIPIC_tnr@Data
   680  0626                     l778:
   681                           
   682                           ;./SPIcom.h: 82:     SSPBUF = Data;
   683  0626  0870               	movf	SPIPIC_tnr@Data,w
   684  0627  1283               	bcf	3,5	;RP0=0, select bank0
   685  0628  1303               	bcf	3,6	;RP1=0, select bank0
   686  0629  0093               	movwf	19	;volatile
   687  062A                     l780:
   688                           
   689                           ;./SPIcom.h: 83:     SPIPIC_Rwait();
   690  062A  120A  118A  2614  120A  118A  	fcall	_SPIPIC_Rwait
   691  062F                     l782:
   692                           
   693                           ;./SPIcom.h: 84:     return SSPBUF;
   694  062F  1283               	bcf	3,5	;RP0=0, select bank0
   695  0630  1303               	bcf	3,6	;RP1=0, select bank0
   696  0631  0813               	movf	19,w	;volatile
   697  0632                     l62:
   698  0632  0008               	return
   699  0633                     __end_of_SPIPIC_tnr:
   700                           
   701                           	psect	text3
   702  0614                     __ptext3:	
   703 ;; *************** function _SPIPIC_Rwait *****************
   704 ;; Defined at:
   705 ;;		line 77 in file "./SPIcom.h"
   706 ;; Parameters:    Size  Location     Type
   707 ;;		None
   708 ;; Auto vars:     Size  Location     Type
   709 ;;		None
   710 ;; Return value:  Size  Location     Type
   711 ;;                  1    wreg      void 
   712 ;; Registers used:
   713 ;;		None
   714 ;; Tracked objects:
   715 ;;		On entry : 0/0
   716 ;;		On exit  : 0/0
   717 ;;		Unchanged: 0/0
   718 ;; Data sizes:     COMMON   BANK0   BANK1   BANK3   BANK2
   719 ;;      Params:         0       0       0       0       0
   720 ;;      Locals:         0       0       0       0       0
   721 ;;      Temps:          0       0       0       0       0
   722 ;;      Totals:         0       0       0       0       0
   723 ;;Total ram usage:        0 bytes
   724 ;; Hardware stack levels used: 1
   725 ;; This function calls:
   726 ;;		Nothing
   727 ;; This function is called by:
   728 ;;		_SPIPIC_tnr
   729 ;;		_SPIPIC_Rec
   730 ;; This function uses a non-reentrant model
   731 ;;
   732                           
   733  0614                     _SPIPIC_Rwait:	
   734                           ;psect for function _SPIPIC_Rwait
   735                           
   736  0614                     l720:	
   737                           ;incstack = 0
   738                           ; Regs used in _SPIPIC_Rwait: []
   739                           
   740  0614                     l56:	
   741                           ;./SPIcom.h: 78:     while(!SSPSTATbits.BF);
   742                           
   743  0614  1683               	bsf	3,5	;RP0=1, select bank1
   744  0615  1303               	bcf	3,6	;RP1=0, select bank1
   745  0616  1C14               	btfss	20,0	;volatile
   746  0617  2E19               	goto	u11
   747  0618  2E1A               	goto	u10
   748  0619                     u11:
   749  0619  2E14               	goto	l56
   750  061A                     u10:
   751  061A                     l59:
   752  061A  0008               	return
   753  061B                     __end_of_SPIPIC_Rwait:
   754                           
   755                           	psect	text4
   756  0751                     __ptext4:	
   757 ;; *************** function _SPIPIC_set *****************
   758 ;; Defined at:
   759 ;;		line 29 in file "./SPIcom.h"
   760 ;; Parameters:    Size  Location     Type
   761 ;;  IntEnable       1    wreg     unsigned char 
   762 ;;  EdgeSampled     1    0[COMMON] unsigned char 
   763 ;;  DataMode        2    1[COMMON] int 
   764 ;;  Role            1    3[COMMON] unsigned char 
   765 ;;  FrqSCK          1    4[COMMON] unsigned char 
   766 ;; Auto vars:     Size  Location     Type
   767 ;;  IntEnable       1    0[COMMON] unsigned char 
   768 ;; Return value:  Size  Location     Type
   769 ;;                  1    wreg      void 
   770 ;; Registers used:
   771 ;;		wreg, status,2, status,0
   772 ;; Tracked objects:
   773 ;;		On entry : 0/0
   774 ;;		On exit  : 0/0
   775 ;;		Unchanged: 0/0
   776 ;; Data sizes:     COMMON   BANK0   BANK1   BANK3   BANK2
   777 ;;      Params:         5       0       0       0       0
   778 ;;      Locals:         0       0       0       0       0
   779 ;;      Temps:          1       0       0       0       0
   780 ;;      Totals:         6       0       0       0       0
   781 ;;Total ram usage:        6 bytes
   782 ;; Hardware stack levels used: 1
   783 ;; This function calls:
   784 ;;		Nothing
   785 ;; This function is called by:
   786 ;;		_main
   787 ;; This function uses a non-reentrant model
   788 ;;
   789                           
   790  0751                     _SPIPIC_set:	
   791                           ;psect for function _SPIPIC_set
   792                           
   793  0751                     l880:	
   794                           ;incstack = 0
   795                           ; Regs used in _SPIPIC_set: [wreg+status,2+status,0]
   796                           
   797                           
   798                           ;./SPIcom.h: 30:     TRISC5 = 0;
   799  0751  1683               	bsf	3,5	;RP0=1, select bank1
   800  0752  1303               	bcf	3,6	;RP1=0, select bank1
   801  0753  1287               	bcf	7,5	;volatile
   802  0754                     l882:
   803                           
   804                           ;./SPIcom.h: 31:     if(Role == 1){
   805  0754  0373               	decf	SPIPIC_set@Role,w
   806  0755  1D03               	btfss	3,2
   807  0756  2F58               	goto	u441
   808  0757  2F59               	goto	u440
   809  0758                     u441:
   810  0758  2FAF               	goto	l912
   811  0759                     u440:
   812  0759                     l884:
   813                           
   814                           ;./SPIcom.h: 32:         TRISC3 = 0;
   815  0759  1187               	bcf	7,3	;volatile
   816  075A                     l886:
   817                           
   818                           ;./SPIcom.h: 33:         if(EdgeSampled == 1){
   819  075A  0370               	decf	SPIPIC_set@EdgeSampled,w
   820  075B  1D03               	btfss	3,2
   821  075C  2F5E               	goto	u451
   822  075D  2F5F               	goto	u450
   823  075E                     u451:
   824  075E  2F61               	goto	l890
   825  075F                     u450:
   826  075F                     l888:
   827                           
   828                           ;./SPIcom.h: 34:             SSPSTAT |= (1<< 0x7);
   829  075F  1794               	bsf	20,7	;volatile
   830                           
   831                           ;./SPIcom.h: 35:         }
   832  0760  2F6A               	goto	l35
   833  0761                     l890:
   834  0761  0870               	movf	SPIPIC_set@EdgeSampled,w
   835  0762  1D03               	btfss	3,2
   836  0763  2F65               	goto	u461
   837  0764  2F66               	goto	u460
   838  0765                     u461:
   839  0765  2F6A               	goto	l35
   840  0766                     u460:
   841  0766                     l892:
   842                           
   843                           ;./SPIcom.h: 37:             SSPSTAT &= ~(1<< 0x7);
   844  0766  307F               	movlw	127
   845  0767  00F5               	movwf	??_SPIPIC_set
   846  0768  0875               	movf	??_SPIPIC_set,w
   847  0769  0594               	andwf	20,f	;volatile
   848  076A                     l35:
   849                           
   850                           ;./SPIcom.h: 39:         if(DataMode == 0){
   851  076A  0871               	movf	SPIPIC_set@DataMode,w
   852  076B  0472               	iorwf	SPIPIC_set@DataMode+1,w
   853  076C  1D03               	btfss	3,2
   854  076D  2F6F               	goto	u471
   855  076E  2F70               	goto	u470
   856  076F                     u471:
   857  076F  2F7C               	goto	l896
   858  0770                     u470:
   859  0770                     l894:
   860                           
   861                           ;./SPIcom.h: 40:             SSPSTAT &= ~(1<< 0x6);
   862  0770  30BF               	movlw	191
   863  0771  00F5               	movwf	??_SPIPIC_set
   864  0772  0875               	movf	??_SPIPIC_set,w
   865  0773  0594               	andwf	20,f	;volatile
   866                           
   867                           ;./SPIcom.h: 41:             SSPCON |= (0b00100000|FrqSCK);
   868  0774  0874               	movf	SPIPIC_set@FrqSCK,w	;volatile
   869  0775  3820               	iorlw	32
   870  0776  00F5               	movwf	??_SPIPIC_set
   871  0777  0875               	movf	??_SPIPIC_set,w
   872  0778  1283               	bcf	3,5	;RP0=0, select bank0
   873  0779  1303               	bcf	3,6	;RP1=0, select bank0
   874  077A  0494               	iorwf	20,f	;volatile
   875                           
   876                           ;./SPIcom.h: 42:         }
   877  077B  2FF4               	goto	l53
   878  077C                     l896:
   879  077C  0371               	decf	SPIPIC_set@DataMode,w
   880  077D  0472               	iorwf	SPIPIC_set@DataMode+1,w
   881  077E  1D03               	btfss	3,2
   882  077F  2F81               	goto	u481
   883  0780  2F82               	goto	u480
   884  0781                     u481:
   885  0781  2F8B               	goto	l902
   886  0782                     u480:
   887  0782                     l898:
   888                           
   889                           ;./SPIcom.h: 44:             SSPSTAT |= (1<< 0x6);
   890  0782  1714               	bsf	20,6	;volatile
   891  0783                     l900:
   892                           
   893                           ;./SPIcom.h: 45:             SSPCON |= (0b00100000|FrqSCK);
   894  0783  0874               	movf	SPIPIC_set@FrqSCK,w	;volatile
   895  0784  3820               	iorlw	32
   896  0785  00F5               	movwf	??_SPIPIC_set
   897  0786  0875               	movf	??_SPIPIC_set,w
   898  0787  1283               	bcf	3,5	;RP0=0, select bank0
   899  0788  1303               	bcf	3,6	;RP1=0, select bank0
   900  0789  0494               	iorwf	20,f	;volatile
   901                           
   902                           ;./SPIcom.h: 46:         }
   903  078A  2FF4               	goto	l53
   904  078B                     l902:
   905  078B  3002               	movlw	2
   906  078C  0671               	xorwf	SPIPIC_set@DataMode,w
   907  078D  0472               	iorwf	SPIPIC_set@DataMode+1,w
   908  078E  1D03               	btfss	3,2
   909  078F  2F91               	goto	u491
   910  0790  2F92               	goto	u490
   911  0791                     u491:
   912  0791  2F9E               	goto	l906
   913  0792                     u490:
   914  0792                     l904:
   915                           
   916                           ;./SPIcom.h: 48:             SSPSTAT &= ~(1<< 0x6);
   917  0792  30BF               	movlw	191
   918  0793  00F5               	movwf	??_SPIPIC_set
   919  0794  0875               	movf	??_SPIPIC_set,w
   920  0795  0594               	andwf	20,f	;volatile
   921                           
   922                           ;./SPIcom.h: 49:             SSPCON |= (0b00110000|FrqSCK);
   923  0796  0874               	movf	SPIPIC_set@FrqSCK,w	;volatile
   924  0797  3830               	iorlw	48
   925  0798  00F5               	movwf	??_SPIPIC_set
   926  0799  0875               	movf	??_SPIPIC_set,w
   927  079A  1283               	bcf	3,5	;RP0=0, select bank0
   928  079B  1303               	bcf	3,6	;RP1=0, select bank0
   929  079C  0494               	iorwf	20,f	;volatile
   930                           
   931                           ;./SPIcom.h: 50:         }
   932  079D  2FF4               	goto	l53
   933  079E                     l906:
   934  079E  3003               	movlw	3
   935  079F  0671               	xorwf	SPIPIC_set@DataMode,w
   936  07A0  0472               	iorwf	SPIPIC_set@DataMode+1,w
   937  07A1  1D03               	btfss	3,2
   938  07A2  2FA4               	goto	u501
   939  07A3  2FA5               	goto	u500
   940  07A4                     u501:
   941  07A4  2FAE               	goto	l40
   942  07A5                     u500:
   943  07A5                     l908:
   944                           
   945                           ;./SPIcom.h: 52:             SSPSTAT |= (1<< 0x6);
   946  07A5  1714               	bsf	20,6	;volatile
   947  07A6                     l910:
   948                           
   949                           ;./SPIcom.h: 53:             SSPCON |= (0b00110000|FrqSCK);
   950  07A6  0874               	movf	SPIPIC_set@FrqSCK,w	;volatile
   951  07A7  3830               	iorlw	48
   952  07A8  00F5               	movwf	??_SPIPIC_set
   953  07A9  0875               	movf	??_SPIPIC_set,w
   954  07AA  1283               	bcf	3,5	;RP0=0, select bank0
   955  07AB  1303               	bcf	3,6	;RP1=0, select bank0
   956  07AC  0494               	iorwf	20,f	;volatile
   957  07AD  2FF4               	goto	l53
   958  07AE                     l40:
   959  07AE  2FF4               	goto	l53
   960  07AF                     l912:
   961  07AF  0873               	movf	SPIPIC_set@Role,w
   962  07B0  1D03               	btfss	3,2
   963  07B1  2FB3               	goto	u511
   964  07B2  2FB4               	goto	u510
   965  07B3                     u511:
   966  07B3  2FF4               	goto	l53
   967  07B4                     u510:
   968  07B4                     l914:
   969                           
   970                           ;./SPIcom.h: 57:         TRISC3 = 1;
   971  07B4  1587               	bsf	7,3	;volatile
   972  07B5                     l916:
   973                           
   974                           ;./SPIcom.h: 58:         if(DataMode == 0){
   975  07B5  0871               	movf	SPIPIC_set@DataMode,w
   976  07B6  0472               	iorwf	SPIPIC_set@DataMode+1,w
   977  07B7  1D03               	btfss	3,2
   978  07B8  2FBA               	goto	u521
   979  07B9  2FBB               	goto	u520
   980  07BA                     u521:
   981  07BA  2FC6               	goto	l920
   982  07BB                     u520:
   983  07BB                     l918:
   984                           
   985                           ;./SPIcom.h: 59:             SSPSTAT &= ~(1<< 0x6);
   986  07BB  30BF               	movlw	191
   987  07BC  00F5               	movwf	??_SPIPIC_set
   988  07BD  0875               	movf	??_SPIPIC_set,w
   989  07BE  0594               	andwf	20,f	;volatile
   990                           
   991                           ;./SPIcom.h: 60:             SSPCON |= (0b00100100);
   992  07BF  3024               	movlw	36
   993  07C0  00F5               	movwf	??_SPIPIC_set
   994  07C1  0875               	movf	??_SPIPIC_set,w
   995  07C2  1283               	bcf	3,5	;RP0=0, select bank0
   996  07C3  1303               	bcf	3,6	;RP1=0, select bank0
   997  07C4  0494               	iorwf	20,f	;volatile
   998                           
   999                           ;./SPIcom.h: 61:         }
  1000  07C5  2FF4               	goto	l53
  1001  07C6                     l920:
  1002  07C6  0371               	decf	SPIPIC_set@DataMode,w
  1003  07C7  0472               	iorwf	SPIPIC_set@DataMode+1,w
  1004  07C8  1D03               	btfss	3,2
  1005  07C9  2FCB               	goto	u531
  1006  07CA  2FCC               	goto	u530
  1007  07CB                     u531:
  1008  07CB  2FD4               	goto	l926
  1009  07CC                     u530:
  1010  07CC                     l922:
  1011                           
  1012                           ;./SPIcom.h: 63:             SSPSTAT |= (1<< 0x6);
  1013  07CC  1714               	bsf	20,6	;volatile
  1014  07CD                     l924:
  1015                           
  1016                           ;./SPIcom.h: 64:             SSPCON |= (0b00100100);
  1017  07CD  3024               	movlw	36
  1018  07CE  00F5               	movwf	??_SPIPIC_set
  1019  07CF  0875               	movf	??_SPIPIC_set,w
  1020  07D0  1283               	bcf	3,5	;RP0=0, select bank0
  1021  07D1  1303               	bcf	3,6	;RP1=0, select bank0
  1022  07D2  0494               	iorwf	20,f	;volatile
  1023                           
  1024                           ;./SPIcom.h: 65:         }
  1025  07D3  2FF4               	goto	l53
  1026  07D4                     l926:
  1027  07D4  3002               	movlw	2
  1028  07D5  0671               	xorwf	SPIPIC_set@DataMode,w
  1029  07D6  0472               	iorwf	SPIPIC_set@DataMode+1,w
  1030  07D7  1D03               	btfss	3,2
  1031  07D8  2FDA               	goto	u541
  1032  07D9  2FDB               	goto	u540
  1033  07DA                     u541:
  1034  07DA  2FE6               	goto	l930
  1035  07DB                     u540:
  1036  07DB                     l928:
  1037                           
  1038                           ;./SPIcom.h: 67:             SSPSTAT &= ~(1<< 0x6);
  1039  07DB  30BF               	movlw	191
  1040  07DC  00F5               	movwf	??_SPIPIC_set
  1041  07DD  0875               	movf	??_SPIPIC_set,w
  1042  07DE  0594               	andwf	20,f	;volatile
  1043                           
  1044                           ;./SPIcom.h: 68:             SSPCON |= (0b00110100);
  1045  07DF  3034               	movlw	52
  1046  07E0  00F5               	movwf	??_SPIPIC_set
  1047  07E1  0875               	movf	??_SPIPIC_set,w
  1048  07E2  1283               	bcf	3,5	;RP0=0, select bank0
  1049  07E3  1303               	bcf	3,6	;RP1=0, select bank0
  1050  07E4  0494               	iorwf	20,f	;volatile
  1051                           
  1052                           ;./SPIcom.h: 69:         }
  1053  07E5  2FF4               	goto	l53
  1054  07E6                     l930:
  1055  07E6  3003               	movlw	3
  1056  07E7  0671               	xorwf	SPIPIC_set@DataMode,w
  1057  07E8  0472               	iorwf	SPIPIC_set@DataMode+1,w
  1058  07E9  1D03               	btfss	3,2
  1059  07EA  2FEC               	goto	u551
  1060  07EB  2FED               	goto	u550
  1061  07EC                     u551:
  1062  07EC  2FAE               	goto	l40
  1063  07ED                     u550:
  1064  07ED                     l932:
  1065                           
  1066                           ;./SPIcom.h: 71:             SSPSTAT |= (1<< 0x6);
  1067  07ED  1714               	bsf	20,6	;volatile
  1068  07EE                     l934:
  1069                           
  1070                           ;./SPIcom.h: 72:             SSPCON |= (0b00110100);
  1071  07EE  3034               	movlw	52
  1072  07EF  00F5               	movwf	??_SPIPIC_set
  1073  07F0  0875               	movf	??_SPIPIC_set,w
  1074  07F1  1283               	bcf	3,5	;RP0=0, select bank0
  1075  07F2  1303               	bcf	3,6	;RP1=0, select bank0
  1076  07F3  0494               	iorwf	20,f	;volatile
  1077  07F4                     l53:
  1078  07F4  0008               	return
  1079  07F5                     __end_of_SPIPIC_set:
  1080                           
  1081                           	psect	text5
  1082  06D9                     __ptext5:	
  1083 ;; *************** function _OSC_set *****************
  1084 ;; Defined at:
  1085 ;;		line 24 in file "./PICOSC.h"
  1086 ;; Parameters:    Size  Location     Type
  1087 ;;  FreqClockSel    1    wreg     unsigned char 
  1088 ;;  InternalOsc     1    0[COMMON] unsigned char 
  1089 ;; Auto vars:     Size  Location     Type
  1090 ;;  FreqClockSel    1    2[COMMON] unsigned char 
  1091 ;; Return value:  Size  Location     Type
  1092 ;;                  1    wreg      void 
  1093 ;; Registers used:
  1094 ;;		wreg, status,2, status,0
  1095 ;; Tracked objects:
  1096 ;;		On entry : 0/0
  1097 ;;		On exit  : 0/0
  1098 ;;		Unchanged: 0/0
  1099 ;; Data sizes:     COMMON   BANK0   BANK1   BANK3   BANK2
  1100 ;;      Params:         1       0       0       0       0
  1101 ;;      Locals:         1       0       0       0       0
  1102 ;;      Temps:          1       0       0       0       0
  1103 ;;      Totals:         3       0       0       0       0
  1104 ;;Total ram usage:        3 bytes
  1105 ;; Hardware stack levels used: 1
  1106 ;; This function calls:
  1107 ;;		Nothing
  1108 ;; This function is called by:
  1109 ;;		_main
  1110 ;; This function uses a non-reentrant model
  1111 ;;
  1112                           
  1113  06D9                     _OSC_set:	
  1114                           ;psect for function _OSC_set
  1115                           
  1116                           
  1117                           ;incstack = 0
  1118                           ; Regs used in _OSC_set: [wreg+status,2+status,0]
  1119                           ;OSC_set@FreqClockSelect stored from wreg
  1120  06D9  00F2               	movwf	OSC_set@FreqClockSelect
  1121  06DA                     l956:
  1122                           
  1123                           ;./PICOSC.h: 25:     if (FreqClockSelect == 7){
  1124  06DA  3007               	movlw	7
  1125  06DB  0672               	xorwf	OSC_set@FreqClockSelect,w
  1126  06DC  1D03               	btfss	3,2
  1127  06DD  2EDF               	goto	u661
  1128  06DE  2EE0               	goto	u660
  1129  06DF                     u661:
  1130  06DF  2EE5               	goto	l960
  1131  06E0                     u660:
  1132  06E0                     l958:
  1133                           
  1134                           ;./PICOSC.h: 26:         OSCCONbits.IRCF = 7;
  1135  06E0  3070               	movlw	112
  1136  06E1  1683               	bsf	3,5	;RP0=1, select bank1
  1137  06E2  1303               	bcf	3,6	;RP1=0, select bank1
  1138  06E3  048F               	iorwf	15,f	;volatile
  1139                           
  1140                           ;./PICOSC.h: 27:     }
  1141  06E4  2F3C               	goto	l96
  1142  06E5                     l960:
  1143  06E5  3006               	movlw	6
  1144  06E6  0672               	xorwf	OSC_set@FreqClockSelect,w
  1145  06E7  1D03               	btfss	3,2
  1146  06E8  2EEA               	goto	u671
  1147  06E9  2EEB               	goto	u670
  1148  06EA                     u671:
  1149  06EA  2EF2               	goto	l964
  1150  06EB                     u670:
  1151  06EB                     l962:
  1152                           
  1153                           ;./PICOSC.h: 29:         OSCCONbits.IRCF = 6;
  1154  06EB  1683               	bsf	3,5	;RP0=1, select bank1
  1155  06EC  1303               	bcf	3,6	;RP1=0, select bank1
  1156  06ED  080F               	movf	15,w	;volatile
  1157  06EE  398F               	andlw	-113
  1158  06EF  3860               	iorlw	96
  1159  06F0  008F               	movwf	15	;volatile
  1160                           
  1161                           ;./PICOSC.h: 30:     }
  1162  06F1  2F3C               	goto	l96
  1163  06F2                     l964:
  1164  06F2  3005               	movlw	5
  1165  06F3  0672               	xorwf	OSC_set@FreqClockSelect,w
  1166  06F4  1D03               	btfss	3,2
  1167  06F5  2EF7               	goto	u681
  1168  06F6  2EF8               	goto	u680
  1169  06F7                     u681:
  1170  06F7  2EFF               	goto	l968
  1171  06F8                     u680:
  1172  06F8                     l966:
  1173                           
  1174                           ;./PICOSC.h: 32:         OSCCONbits.IRCF = 5;
  1175  06F8  1683               	bsf	3,5	;RP0=1, select bank1
  1176  06F9  1303               	bcf	3,6	;RP1=0, select bank1
  1177  06FA  080F               	movf	15,w	;volatile
  1178  06FB  398F               	andlw	-113
  1179  06FC  3850               	iorlw	80
  1180  06FD  008F               	movwf	15	;volatile
  1181                           
  1182                           ;./PICOSC.h: 33:     }
  1183  06FE  2F3C               	goto	l96
  1184  06FF                     l968:
  1185  06FF  3004               	movlw	4
  1186  0700  0672               	xorwf	OSC_set@FreqClockSelect,w
  1187  0701  1D03               	btfss	3,2
  1188  0702  2F04               	goto	u691
  1189  0703  2F05               	goto	u690
  1190  0704                     u691:
  1191  0704  2F0C               	goto	l972
  1192  0705                     u690:
  1193  0705                     l970:
  1194                           
  1195                           ;./PICOSC.h: 35:         OSCCONbits.IRCF = 4;
  1196  0705  1683               	bsf	3,5	;RP0=1, select bank1
  1197  0706  1303               	bcf	3,6	;RP1=0, select bank1
  1198  0707  080F               	movf	15,w	;volatile
  1199  0708  398F               	andlw	-113
  1200  0709  3840               	iorlw	64
  1201  070A  008F               	movwf	15	;volatile
  1202                           
  1203                           ;./PICOSC.h: 36:     }
  1204  070B  2F3C               	goto	l96
  1205  070C                     l972:
  1206  070C  3003               	movlw	3
  1207  070D  0672               	xorwf	OSC_set@FreqClockSelect,w
  1208  070E  1D03               	btfss	3,2
  1209  070F  2F11               	goto	u701
  1210  0710  2F12               	goto	u700
  1211  0711                     u701:
  1212  0711  2F19               	goto	l976
  1213  0712                     u700:
  1214  0712                     l974:
  1215                           
  1216                           ;./PICOSC.h: 38:         OSCCONbits.IRCF = 3;
  1217  0712  1683               	bsf	3,5	;RP0=1, select bank1
  1218  0713  1303               	bcf	3,6	;RP1=0, select bank1
  1219  0714  080F               	movf	15,w	;volatile
  1220  0715  398F               	andlw	-113
  1221  0716  3830               	iorlw	48
  1222  0717  008F               	movwf	15	;volatile
  1223                           
  1224                           ;./PICOSC.h: 39:     }
  1225  0718  2F3C               	goto	l96
  1226  0719                     l976:
  1227  0719  3002               	movlw	2
  1228  071A  0672               	xorwf	OSC_set@FreqClockSelect,w
  1229  071B  1D03               	btfss	3,2
  1230  071C  2F1E               	goto	u711
  1231  071D  2F1F               	goto	u710
  1232  071E                     u711:
  1233  071E  2F26               	goto	l980
  1234  071F                     u710:
  1235  071F                     l978:
  1236                           
  1237                           ;./PICOSC.h: 41:         OSCCONbits.IRCF = 2;
  1238  071F  1683               	bsf	3,5	;RP0=1, select bank1
  1239  0720  1303               	bcf	3,6	;RP1=0, select bank1
  1240  0721  080F               	movf	15,w	;volatile
  1241  0722  398F               	andlw	-113
  1242  0723  3820               	iorlw	32
  1243  0724  008F               	movwf	15	;volatile
  1244                           
  1245                           ;./PICOSC.h: 42:     }
  1246  0725  2F3C               	goto	l96
  1247  0726                     l980:
  1248  0726  0372               	decf	OSC_set@FreqClockSelect,w
  1249  0727  1D03               	btfss	3,2
  1250  0728  2F2A               	goto	u721
  1251  0729  2F2B               	goto	u720
  1252  072A                     u721:
  1253  072A  2F32               	goto	l984
  1254  072B                     u720:
  1255  072B                     l982:
  1256                           
  1257                           ;./PICOSC.h: 44:         OSCCONbits.IRCF = 1;
  1258  072B  1683               	bsf	3,5	;RP0=1, select bank1
  1259  072C  1303               	bcf	3,6	;RP1=0, select bank1
  1260  072D  080F               	movf	15,w	;volatile
  1261  072E  398F               	andlw	-113
  1262  072F  3810               	iorlw	16
  1263  0730  008F               	movwf	15	;volatile
  1264                           
  1265                           ;./PICOSC.h: 45:     }
  1266  0731  2F3C               	goto	l96
  1267  0732                     l984:
  1268  0732  0872               	movf	OSC_set@FreqClockSelect,w
  1269  0733  1D03               	btfss	3,2
  1270  0734  2F36               	goto	u731
  1271  0735  2F37               	goto	u730
  1272  0736                     u731:
  1273  0736  2F3C               	goto	l104
  1274  0737                     u730:
  1275  0737                     l986:
  1276                           
  1277                           ;./PICOSC.h: 47:         OSCCONbits.IRCF = 0;
  1278  0737  308F               	movlw	-113
  1279  0738  1683               	bsf	3,5	;RP0=1, select bank1
  1280  0739  1303               	bcf	3,6	;RP1=0, select bank1
  1281  073A  058F               	andwf	15,f	;volatile
  1282  073B  2F3C               	goto	l96
  1283  073C                     l104:
  1284  073C                     l96:
  1285                           
  1286                           ;./PICOSC.h: 49:     if (InternalOsc == 1){
  1287  073C  0370               	decf	OSC_set@InternalOsc,w
  1288  073D  1D03               	btfss	3,2
  1289  073E  2F40               	goto	u741
  1290  073F  2F41               	goto	u740
  1291  0740                     u741:
  1292  0740  2F45               	goto	l990
  1293  0741                     u740:
  1294  0741                     l988:
  1295                           
  1296                           ;./PICOSC.h: 50:         OSCCON |= (1<< 0x0);
  1297  0741  1683               	bsf	3,5	;RP0=1, select bank1
  1298  0742  1303               	bcf	3,6	;RP1=0, select bank1
  1299  0743  140F               	bsf	15,0	;volatile
  1300                           
  1301                           ;./PICOSC.h: 51:     }
  1302  0744  2F50               	goto	l113
  1303  0745                     l990:
  1304  0745  0870               	movf	OSC_set@InternalOsc,w
  1305  0746  1D03               	btfss	3,2
  1306  0747  2F49               	goto	u751
  1307  0748  2F4A               	goto	u750
  1308  0749                     u751:
  1309  0749  2F50               	goto	l113
  1310  074A                     u750:
  1311  074A                     l992:
  1312                           
  1313                           ;./PICOSC.h: 53:         OSCCON &= ~(1<< 0x0);
  1314  074A  30FE               	movlw	254
  1315  074B  00F1               	movwf	??_OSC_set
  1316  074C  0871               	movf	??_OSC_set,w
  1317  074D  1683               	bsf	3,5	;RP0=1, select bank1
  1318  074E  1303               	bcf	3,6	;RP1=0, select bank1
  1319  074F  058F               	andwf	15,f	;volatile
  1320  0750                     l113:
  1321  0750  0008               	return
  1322  0751                     __end_of_OSC_set:
  1323                           
  1324                           	psect	text6
  1325  061B                     __ptext6:	
  1326 ;; *************** function _IO_set *****************
  1327 ;; Defined at:
  1328 ;;		line 58 in file "main.c"
  1329 ;; Parameters:    Size  Location     Type
  1330 ;;		None
  1331 ;; Auto vars:     Size  Location     Type
  1332 ;;		None
  1333 ;; Return value:  Size  Location     Type
  1334 ;;                  1    wreg      void 
  1335 ;; Registers used:
  1336 ;;		wreg, status,2, status,0
  1337 ;; Tracked objects:
  1338 ;;		On entry : 0/0
  1339 ;;		On exit  : 0/0
  1340 ;;		Unchanged: 0/0
  1341 ;; Data sizes:     COMMON   BANK0   BANK1   BANK3   BANK2
  1342 ;;      Params:         0       0       0       0       0
  1343 ;;      Locals:         0       0       0       0       0
  1344 ;;      Temps:          1       0       0       0       0
  1345 ;;      Totals:         1       0       0       0       0
  1346 ;;Total ram usage:        1 bytes
  1347 ;; Hardware stack levels used: 1
  1348 ;; This function calls:
  1349 ;;		Nothing
  1350 ;; This function is called by:
  1351 ;;		_main
  1352 ;; This function uses a non-reentrant model
  1353 ;;
  1354                           
  1355  061B                     _IO_set:	
  1356                           ;psect for function _IO_set
  1357                           
  1358  061B                     l844:	
  1359                           ;incstack = 0
  1360                           ; Regs used in _IO_set: [wreg+status,2+status,0]
  1361                           
  1362                           
  1363                           ;main.c: 60:     TRISB &= ~(1<<7);
  1364  061B  307F               	movlw	127
  1365  061C  00F0               	movwf	??_IO_set
  1366  061D  0870               	movf	??_IO_set,w
  1367  061E  1683               	bsf	3,5	;RP0=1, select bank1
  1368  061F  1303               	bcf	3,6	;RP1=0, select bank1
  1369  0620  0586               	andwf	6,f	;volatile
  1370  0621                     l846:
  1371                           
  1372                           ;main.c: 61:     PORTB |= (1<<7);
  1373  0621  1283               	bcf	3,5	;RP0=0, select bank0
  1374  0622  1303               	bcf	3,6	;RP1=0, select bank0
  1375  0623  1786               	bsf	6,7	;volatile
  1376  0624                     l128:
  1377  0624  0008               	return
  1378  0625                     __end_of_IO_set:
  1379  007E                     btemp	set	126	;btemp
  1380  007E                     wtemp0	set	126
  1381                           
  1382                           	psect	idloc
  1383                           
  1384                           ;Config register IDLOC0 @ 0x2000
  1385                           ;	unspecified, using default values
  1386  2000                     	org	8192
  1387  2000  3FFF               	dw	16383
  1388                           
  1389                           ;Config register IDLOC1 @ 0x2001
  1390                           ;	unspecified, using default values
  1391  2001                     	org	8193
  1392  2001  3FFF               	dw	16383
  1393                           
  1394                           ;Config register IDLOC2 @ 0x2002
  1395                           ;	unspecified, using default values
  1396  2002                     	org	8194
  1397  2002  3FFF               	dw	16383
  1398                           
  1399                           ;Config register IDLOC3 @ 0x2003
  1400                           ;	unspecified, using default values
  1401  2003                     	org	8195
  1402  2003  3FFF               	dw	16383
  1403                           
  1404                           	psect	config
  1405                           
  1406                           ;Config register CONFIG1 @ 0x2007
  1407                           ;	Oscillator Selection bits
  1408                           ;	FOSC = INTRC_NOCLKOUT, INTOSCIO oscillator: I/O function on RA6/OSC2/CLKOUT pin, I/O f
      +                          unction on RA7/OSC1/CLKIN
  1409                           ;	Watchdog Timer Enable bit
  1410                           ;	WDTE = OFF, WDT disabled and can be enabled by SWDTEN bit of the WDTCON register
  1411                           ;	Power-up Timer Enable bit
  1412                           ;	PWRTE = OFF, PWRT disabled
  1413                           ;	RE3/MCLR pin function select bit
  1414                           ;	MCLRE = OFF, RE3/MCLR pin function is digital input, MCLR internally tied to VDD
  1415                           ;	Code Protection bit
  1416                           ;	CP = OFF, Program memory code protection is disabled
  1417                           ;	Data Code Protection bit
  1418                           ;	CPD = OFF, Data memory code protection is disabled
  1419                           ;	Brown Out Reset Selection bits
  1420                           ;	BOREN = OFF, BOR disabled
  1421                           ;	Internal External Switchover bit
  1422                           ;	IESO = OFF, Internal/External Switchover mode is disabled
  1423                           ;	Fail-Safe Clock Monitor Enabled bit
  1424                           ;	FCMEN = OFF, Fail-Safe Clock Monitor is disabled
  1425                           ;	Low Voltage Programming Enable bit
  1426                           ;	LVP = OFF, RB3 pin has digital I/O, HV on MCLR must be used for programming
  1427                           ;	In-Circuit Debugger Mode bit
  1428                           ;	DEBUG = 0x1, unprogrammed default
  1429  2007                     	org	8199
  1430  2007  20D4               	dw	8404
  1431                           
  1432                           ;Config register CONFIG2 @ 0x2008
  1433                           ;	Brown-out Reset Selection bit
  1434                           ;	BOR4V = BOR40V, Brown-out Reset set to 4.0V
  1435                           ;	Flash Program Memory Self Write Enable bits
  1436                           ;	WRT = OFF, Write protection off
  1437  2008                     	org	8200
  1438  2008  3FFF               	dw	16383

Data Sizes:
    Strings     0
    Constant    0
    Data        1
    BSS         1
    Persistent  0
    Stack       0

Auto Spaces:
    Space          Size  Autos    Used
    COMMON           14      7       9
    BANK0            80      0       0
    BANK1            80      0       0
    BANK3            96      0       0
    BANK2            96      0       0

Pointer List with Targets:

    None.

Critical Paths under _main in COMMON

    _main->_SPIPIC_set

Critical Paths under _main in BANK0

    None.

Critical Paths under _main in BANK1

    None.

Critical Paths under _main in BANK3

    None.

Critical Paths under _main in BANK2

    None.

Call Graph Tables:

 ---------------------------------------------------------------------------------
 (Depth) Function   	        Calls       Base Space   Used Autos Params    Refs
 ---------------------------------------------------------------------------------
 (0) _main                                                 1     1      0    1263
                                              6 COMMON     1     1      0
                             _IO_set
                            _OSC_set
                         _SPIPIC_set
                         _SPIPIC_tnr
                            _SSstart
 ---------------------------------------------------------------------------------
 (1) _SSstart                                              5     3      2     296
                                              0 COMMON     5     3      2
 ---------------------------------------------------------------------------------
 (1) _SPIPIC_tnr                                           1     1      0      15
                                              0 COMMON     1     1      0
                       _SPIPIC_Rwait
 ---------------------------------------------------------------------------------
 (2) _SPIPIC_Rwait                                         0     0      0       0
 ---------------------------------------------------------------------------------
 (1) _SPIPIC_set                                           7     2      5     656
                                              0 COMMON     6     1      5
 ---------------------------------------------------------------------------------
 (1) _OSC_set                                              3     2      1     296
                                              0 COMMON     3     2      1
 ---------------------------------------------------------------------------------
 (1) _IO_set                                               1     1      0       0
                                              0 COMMON     1     1      0
 ---------------------------------------------------------------------------------
 Estimated maximum stack depth 2
 ---------------------------------------------------------------------------------

 Call Graph Graphs:

 _main (ROOT)
   _IO_set
   _OSC_set
   _SPIPIC_set
   _SPIPIC_tnr
     _SPIPIC_Rwait
   _SSstart

 Address spaces:
Name               Size   Autos  Total    Cost      Usage
BANK3               60      0       0       9        0.0%
BITBANK3            60      0       0       8        0.0%
SFR3                 0      0       0       4        0.0%
BITSFR3              0      0       0       4        0.0%
BANK2               60      0       0      11        0.0%
BITBANK2            60      0       0      10        0.0%
SFR2                 0      0       0       5        0.0%
BITSFR2              0      0       0       5        0.0%
BANK1               50      0       0       7        0.0%
BITBANK1            50      0       0       6        0.0%
SFR1                 0      0       0       2        0.0%
BITSFR1              0      0       0       2        0.0%
BANK0               50      0       0       5        0.0%
BITBANK0            50      0       0       4        0.0%
SFR0                 0      0       0       1        0.0%
BITSFR0              0      0       0       1        0.0%
COMMON               E      7       9       1       64.3%
BITCOMMON            E      0       0       0        0.0%
CODE                 0      0       0       0        0.0%
DATA                 0      0       9      12        0.0%
ABS                  0      0       9       3        0.0%
NULL                 0      0       0       0        0.0%
STACK                0      0       0       2        0.0%
EEDATA             100      0       0       0        0.0%


Microchip Technology PIC Macro Assembler V2.36 build 20220127204148 
Symbol Table                                                                                   Wed Feb 22 09:26:43 2023

            _SSPSTATbits 0094                       l40 07AE                       l35 076A  
                     l53 07F4                       l62 0632                       l56 0614  
                     l80 06D8                       l74 06D8                       l59 061A  
                     l96 073C                       u10 061A                       u11 0619  
                    l104 073C                      l113 0750                      l122 0659  
                    l128 0624                      l720 0614                      l900 0783  
                    l910 07A6                      l902 078B                      l920 07C6  
                    l904 0792                      l912 07AF                      l930 07E6  
                    l922 07CC                      l914 07B4                      l906 079E  
                    l844 061B                      l932 07ED                      l924 07CD  
                    l916 07B5                      l908 07A5                      l780 062A  
                    l940 067D                      l846 0621                      l934 07EE  
                    l926 07D4                      l918 07BB                      l782 062F  
                    l950 06B0                      l942 0682                      l960 06E5  
                    l928 07DB                      l880 0751                      l952 06C1  
                    l944 0693                      l936 0667                      l970 0705  
                    l962 06EB                      l890 0761                      l882 0754  
                    l778 0626                      l954 06C7                      l946 0699  
                    l938 066C                      l980 0726                      l972 070C  
                    l964 06F2                      l956 06DA                      l892 0766  
                    l884 0759                      l948 06AA                      l990 0745  
                    l982 072B                      l974 0712                      l966 06F8  
                    l958 06E0                      l894 0770                      l886 075A  
                    l992 074A                      l984 0732                      l976 0719  
                    l968 06FF                      l896 077C                      l888 075F  
                    l986 0737                      l978 071F                      l898 0782  
                    l994 0633                      l988 0741                      u500 07A5  
                    u501 07A4                      u510 07B4                      u511 07B3  
                    u520 07BB                      u440 0759                      u600 0699  
                    u521 07BA                      u441 0758                      u601 0698  
                    u530 07CC                      u450 075F                      u531 07CB  
                    u451 075E                      u700 0712                      u540 07DB  
                    u460 0766                      u620 06B0                      u701 0711  
                    u541 07DA                      u461 0765                      u621 06AF  
                    u710 071F                      u550 07ED                      u470 0770  
                    u614 069F                      u711 071E                      u551 07EC  
                    u471 076F                      u615 069D                      u720 072B  
                    u480 0782                      u640 06C7                      u560 066C  
                    u721 072A                      u481 0781                      u641 06C6  
                    u561 066B                      u730 0737                      u490 0792  
                    u634 06B6                      u731 0736                      u491 0791  
                    u635 06B4                      u740 0741                      u660 06E0  
                    u580 0682                      u741 0740                      u661 06DF  
                    u581 0681                      u750 074A                      u670 06EB  
                    u654 06CD                      u574 0672                      u751 0749  
                    u671 06EA                      u655 06CB                      u575 0670  
                    u680 06F8                      u681 06F7                      u690 0705  
                    u594 0688                      u691 0704                      u595 0686  
                   _main 0633          __end_of_OSC_set 0751                     btemp 007E  
                   start 0000          __end_of_SSstart 06D9                    ?_main 0070  
                  _PORTA 0005                    _PORTB 0006                    _PORTC 0007  
                  _PORTD 0008                    _PORTE 0009                    _TRISB 0086  
                  _rData 0077                    _tData 0078              ?_SPIPIC_set 0070  
            ?_SPIPIC_tnr 0070              SSstart@Port 0074                    status 0003  
                  wtemp0 007E          __initialization 07F5             __end_of_main 0666  
                 ??_main 0076   OSC_set@FreqClockSelect 0072                ??_OSC_set 0071  
     OSC_set@InternalOsc 0070                   _OSCCON 008F                   _TRISC3 043B  
                 _TRISC5 043D                   _SSPCON 0014                   _SSPBUF 0013  
                 _IO_set 061B                ??_SSstart 0072             __pdataCOMMON 0078  
__end_of__initialization 07FC           __pcstackCOMMON 0070                  ?_IO_set 0070  
             __pmaintext 0633             ??_SPIPIC_set 0075             ??_SPIPIC_tnr 0070  
                _OSC_set 06D9                  _SSPSTAT 0094                  _SSstart 0666  
  SPIPIC_set@EdgeSampled 0070            ?_SPIPIC_Rwait 0070       __end_of_SPIPIC_set 07F5  
     __end_of_SPIPIC_tnr 0633                  __ptext1 0666                  __ptext2 0625  
                __ptext3 0614                  __ptext4 0751                  __ptext5 06D9  
                __ptext6 061B     end_of_initialization 07FC           ??_SPIPIC_Rwait 0070  
       SPIPIC_set@FrqSCK 0074           __end_of_IO_set 0625            __pidataCOMMON 0613  
    start_initialization 07F5                 ??_IO_set 0070           SPIPIC_set@Role 0073  
            __pbssCOMMON 0077                ___latbits 0002           SPIPIC_tnr@Data 0070  
               ?_OSC_set 0070     __end_of_SPIPIC_Rwait 061B                 ?_SSstart 0070  
        SSstart@SlaveNum 0070             _SPIPIC_Rwait 0614      SPIPIC_set@IntEnable 0070  
     SPIPIC_set@DataMode 0071               _OSCCONbits 008F               _SPIPIC_set 0751  
             _SPIPIC_tnr 0625  
